CLIENT_HANDSHAKE_TRAFFIC_SECRET 9fed2b74cbf7766e2654cc0bb070d463b696465f8844baaceaea82d16515bfb6 7ccfc91846cc9f3a3721ab131727a33c76197598c075a6fcf24e3dd9425e88b6
SERVER_HANDSHAKE_TRAFFIC_SECRET 9fed2b74cbf7766e2654cc0bb070d463b696465f8844baaceaea82d16515bfb6 6d262ff81c81ebc7a11064630bd2b82efba3ca1fd0a303749fd7542843d37302
CLIENT_HANDSHAKE_TRAFFIC_SECRET 8e59a356cdf164dce0d0d8d63c656bf60a9e361d4f7de42abeb3ec9ad49faebd dec936f4598d35e67903ec8d11422124e3fb0b2e46af7d0cec54bd3dd8cb1edf
SERVER_HANDSHAKE_TRAFFIC_SECRET 8e59a356cdf164dce0d0d8d63c656bf60a9e361d4f7de42abeb3ec9ad49faebd c6e9a5945c09b33581666e8c0c411f5b9b241dbc75427ec5063a33fdfabb1206
CLIENT_HANDSHAKE_TRAFFIC_SECRET 71a092d42bbd5b81cfc8d3d385679830fe8c0e3b2c223d33195604984cd11188 721a12443c1100c8b3c7bd1544cde49f513b98638a187ff6665c68cb706530f7
SERVER_HANDSHAKE_TRAFFIC_SECRET 71a092d42bbd5b81cfc8d3d385679830fe8c0e3b2c223d33195604984cd11188 54872d639dadc2d98cd930deded5bcf9f874eb80121ebce4cfee70c415186983
CLIENT_HANDSHAKE_TRAFFIC_SECRET 989d2a5c25ac750e06c7ad254a4ffa097617676e5507f1dbbc66a968fd48bfa1 6654e07ef2006c227c3cc0be2f75773b4b0376449e48aac89175e5f0747dcd95
SERVER_HANDSHAKE_TRAFFIC_SECRET 989d2a5c25ac750e06c7ad254a4ffa097617676e5507f1dbbc66a968fd48bfa1 53c178c9f349633008b7e7819158bf667fc4bb43a506e3884863368d59fdb9ea
CLIENT_TRAFFIC_SECRET_0 989d2a5c25ac750e06c7ad254a4ffa097617676e5507f1dbbc66a968fd48bfa1 f594a5101e2391bf4ee69b8b742a310509a7a946687d259b5ac214ab4ee3b3de
SERVER_TRAFFIC_SECRET_0 989d2a5c25ac750e06c7ad254a4ffa097617676e5507f1dbbc66a968fd48bfa1 71448322603becdfabe4dc7c9ee20c14f1e9adaf8c21e9c0931da595dddf4829
EXPORTER_SECRET 989d2a5c25ac750e06c7ad254a4ffa097617676e5507f1dbbc66a968fd48bfa1 ef0b0c96c9f3cb37fdf17704359161a6173aeadcb69df0196e77eaa26d99a592
CLIENT_TRAFFIC_SECRET_0 8e59a356cdf164dce0d0d8d63c656bf60a9e361d4f7de42abeb3ec9ad49faebd 04d1e20dc90494ae748bb4654347bae89337267fde203cd9167a7f5df69a24e6
SERVER_TRAFFIC_SECRET_0 8e59a356cdf164dce0d0d8d63c656bf60a9e361d4f7de42abeb3ec9ad49faebd 236a55f13a4e5d1017cc76271c5f9e3e9eeae58892d98bc6c61c395e0312d201
EXPORTER_SECRET 8e59a356cdf164dce0d0d8d63c656bf60a9e361d4f7de42abeb3ec9ad49faebd 9506ce21b64cc54dd2a795321d829b8a9b83af3ee02640d81660945bfbe529fe
CLIENT_TRAFFIC_SECRET_0 71a092d42bbd5b81cfc8d3d385679830fe8c0e3b2c223d33195604984cd11188 7a22cf8db0d56a26cce46918c11412caa141ff3cf7dae716c1dbe5b99c3e5de2
SERVER_TRAFFIC_SECRET_0 71a092d42bbd5b81cfc8d3d385679830fe8c0e3b2c223d33195604984cd11188 24310609994e30148cb679e323ae1769b9f01c5447c3a8ad24ca1638cb35267c
EXPORTER_SECRET 71a092d42bbd5b81cfc8d3d385679830fe8c0e3b2c223d33195604984cd11188 496c1c20a5eeabb78c05a51e8543bd47384a28c2fc321866451f7a36525392aa
CLIENT_TRAFFIC_SECRET_0 9fed2b74cbf7766e2654cc0bb070d463b696465f8844baaceaea82d16515bfb6 ce9feb8710217e98389e2756dbba101e55088ef7a9c00c09ff61d3d2f0e4b154
SERVER_TRAFFIC_SECRET_0 9fed2b74cbf7766e2654cc0bb070d463b696465f8844baaceaea82d16515bfb6 ed80613aa30e672e4ed9aa9629928547cc0b4194699d86966ce6118ab555a811
EXPORTER_SECRET 9fed2b74cbf7766e2654cc0bb070d463b696465f8844baaceaea82d16515bfb6 41a74e585df9014c734c1b0b04223b21a0accb805793fb2a8511638d5d5f5cda
CLIENT_HANDSHAKE_TRAFFIC_SECRET 24456814082c7e45e945d252b959dfd2669b370dc4f43a2ec61135167e4f8a6b 679255878def955fffff43812c7b072f017c020fafce58ba483b7078e40330f6
SERVER_HANDSHAKE_TRAFFIC_SECRET 24456814082c7e45e945d252b959dfd2669b370dc4f43a2ec61135167e4f8a6b 318fbe3b1106e38fe9b5a027038cfbffecd70a77decf5aa3b6bca7d00cfd2815
CLIENT_TRAFFIC_SECRET_0 24456814082c7e45e945d252b959dfd2669b370dc4f43a2ec61135167e4f8a6b 869be2108cc33b9818af1357913fded8672e16ee73ce658e16abb7f4c123e83c
SERVER_TRAFFIC_SECRET_0 24456814082c7e45e945d252b959dfd2669b370dc4f43a2ec61135167e4f8a6b 2af9884e6c36e4194c9e3c44062979b3d3f413816d4e218c7d59411300cce3ac
EXPORTER_SECRET 24456814082c7e45e945d252b959dfd2669b370dc4f43a2ec61135167e4f8a6b b28ec8c0d920996c7d6f60dd017d2d8908819e47b8055399790e489362115643
CLIENT_HANDSHAKE_TRAFFIC_SECRET 42e0a9c713cb8d4a6dcc4b0d7bff1a94e477959a90bc5c09c974860966d82bfc 62a6b6d8a7bb54c9fdd8e6cdca860c17fefaabc21d99a4f954cdcdd2b8b754eb
SERVER_HANDSHAKE_TRAFFIC_SECRET 42e0a9c713cb8d4a6dcc4b0d7bff1a94e477959a90bc5c09c974860966d82bfc fba73a36db360a3a8ba63375d9a0109eca368f6a94fa71b6faf5590842443775
CLIENT_TRAFFIC_SECRET_0 42e0a9c713cb8d4a6dcc4b0d7bff1a94e477959a90bc5c09c974860966d82bfc 169c80979bacf1f9eaed4d84d808310b407a08f252d70bbd085c1f5a208f3f65
SERVER_TRAFFIC_SECRET_0 42e0a9c713cb8d4a6dcc4b0d7bff1a94e477959a90bc5c09c974860966d82bfc 35390190dffb2823b7c7b2cdae04c3410c033a73523a25379fb82e8a53c986bd
EXPORTER_SECRET 42e0a9c713cb8d4a6dcc4b0d7bff1a94e477959a90bc5c09c974860966d82bfc 3d4042af7a3eaf8319e3e181f61b18df7e9b935039677468099b16ccef726caf
CLIENT_HANDSHAKE_TRAFFIC_SECRET 7a003d711c0662898bc200e4ab48585b284d7a806b58ac323ea1179acff58e76 29df8388a3ee1fb3e5a6de77724c64e0ed1875ea2ae409a6c1ed2a2e30ff7089
SERVER_HANDSHAKE_TRAFFIC_SECRET 7a003d711c0662898bc200e4ab48585b284d7a806b58ac323ea1179acff58e76 0483164d1b45689b4bdca6cc3be455849e67eb8bf92f5a41105daf1bffdc6206
CLIENT_TRAFFIC_SECRET_0 7a003d711c0662898bc200e4ab48585b284d7a806b58ac323ea1179acff58e76 516ab7299cf1d9f397bb7acf01a0d65bcbc56e515533888f233c5f046f73ddce
SERVER_TRAFFIC_SECRET_0 7a003d711c0662898bc200e4ab48585b284d7a806b58ac323ea1179acff58e76 68d443ed4e6c20113d7fad0db2305a96b0425726b661143d69ff83479ab23cee
EXPORTER_SECRET 7a003d711c0662898bc200e4ab48585b284d7a806b58ac323ea1179acff58e76 d2eb4d9ae7fbc7ecad8442fac453eae94217470f802bafd497e3d575d36ca223
CLIENT_HANDSHAKE_TRAFFIC_SECRET 70856e63caddec4434244ec74595e353f82cd3effbdd7210d220224fac8e371e 3e653b4ac492c1069c2d4d2156c6afb1831b84b8e2a5a384268d910bf0942d98
SERVER_HANDSHAKE_TRAFFIC_SECRET 70856e63caddec4434244ec74595e353f82cd3effbdd7210d220224fac8e371e c205daadd0f642d86528f1154693dd492767c6d30f37937ef53d19b8ee1ceaaf
CLIENT_TRAFFIC_SECRET_0 70856e63caddec4434244ec74595e353f82cd3effbdd7210d220224fac8e371e 3be24df89d86697f9c9f9182858d177c6d6d4260aa3e0b412bb0622983418c11
SERVER_TRAFFIC_SECRET_0 70856e63caddec4434244ec74595e353f82cd3effbdd7210d220224fac8e371e 54b6400683e765b5f721bac2f6f6ddb8639b2d71c7eb68d30fdef570bdef384f
EXPORTER_SECRET 70856e63caddec4434244ec74595e353f82cd3effbdd7210d220224fac8e371e 6d76ff41a475526e3b9ee04868e5e81f10ca95a901387e898234aaa52092dd37
CLIENT_HANDSHAKE_TRAFFIC_SECRET bf94c690bd72b14e05d36eb70f50910016732f5208a9911aee7d426e5ee0bd1b e45cf3d1f628d22aa2ab2fe0439e0767c09a84ca14a99f9ef0dc8ebd60550191
SERVER_HANDSHAKE_TRAFFIC_SECRET bf94c690bd72b14e05d36eb70f50910016732f5208a9911aee7d426e5ee0bd1b e871a667844c875068cf17f370ec6ad2da1c628d578d6a55b093280b6e7d9cbd
CLIENT_TRAFFIC_SECRET_0 bf94c690bd72b14e05d36eb70f50910016732f5208a9911aee7d426e5ee0bd1b 1d6965e3698c2c4f80c8d7a77c80ea8890f20496bfb1a503ec3c1fd6583f8602
SERVER_TRAFFIC_SECRET_0 bf94c690bd72b14e05d36eb70f50910016732f5208a9911aee7d426e5ee0bd1b 9c672e3fcd2f3de01597a08c5ff650b3ba42ffbd1af3024e43b18ccc2a40c7c2
EXPORTER_SECRET bf94c690bd72b14e05d36eb70f50910016732f5208a9911aee7d426e5ee0bd1b 07afea38ac93ca757654f8ddc733411840f14a29a010303fabd85cfbb6313f11
CLIENT_HANDSHAKE_TRAFFIC_SECRET 0f18aad2dcdb73f8732ee4d2b2f0d328d1efe6f9734f1b3704ad7babe10b335e ca98000213a9f27bfcb91c9e9883cd16a877187f9756c0628ae571c2c927650d
SERVER_HANDSHAKE_TRAFFIC_SECRET 0f18aad2dcdb73f8732ee4d2b2f0d328d1efe6f9734f1b3704ad7babe10b335e 5d8e260779144988b9c3b4e6f7f1391673e9213383c0ee60ca6135f2b9c408cf
CLIENT_TRAFFIC_SECRET_0 0f18aad2dcdb73f8732ee4d2b2f0d328d1efe6f9734f1b3704ad7babe10b335e d2f76336ccd36d9ba0f4068a857e6f11483c485fcc061a6b34d2ee8331625279
SERVER_TRAFFIC_SECRET_0 0f18aad2dcdb73f8732ee4d2b2f0d328d1efe6f9734f1b3704ad7babe10b335e 8813b3a408b53286aa921a77ff5b789c4c383471f15d35a97439214faa271ce1
EXPORTER_SECRET 0f18aad2dcdb73f8732ee4d2b2f0d328d1efe6f9734f1b3704ad7babe10b335e c64570b736dc9c1d739f95b31ece4f05d56f0fb450fe9c5a13e145c1939be5a3
CLIENT_HANDSHAKE_TRAFFIC_SECRET 6adbf41caf77afa3d793b73f4518df77a109c97f7494ed2eb1b8ee6734529708 877026374d96ed170702199af9bf5cad4a358fb1757e4d5602732568bf60808c
SERVER_HANDSHAKE_TRAFFIC_SECRET 6adbf41caf77afa3d793b73f4518df77a109c97f7494ed2eb1b8ee6734529708 61717babc46dfdf80b2a7756340d039bb23f04f869342647ab844cd6a36f8f53
CLIENT_TRAFFIC_SECRET_0 6adbf41caf77afa3d793b73f4518df77a109c97f7494ed2eb1b8ee6734529708 57a822a54c20f3e163d1a43fc334ead3faf694f25ee9da935b515a25e0e54880
SERVER_TRAFFIC_SECRET_0 6adbf41caf77afa3d793b73f4518df77a109c97f7494ed2eb1b8ee6734529708 f623ce2cb6d881a9b946a0e69eef6333ef3a15fec03764bfa93e933a446056ce
EXPORTER_SECRET 6adbf41caf77afa3d793b73f4518df77a109c97f7494ed2eb1b8ee6734529708 49c750e07ab1fbdca3f1fc6331794e6121aa14684ce6a76e8d60063b219471e9
CLIENT_HANDSHAKE_TRAFFIC_SECRET 60fb14db9832c4c0d3939cea8b7d20787c0e5b17987afc41dee52ba91f05bfe5 db1bf189f31096044f0630ab61344716db803740c3a5d942079d70b70be9c8ff
SERVER_HANDSHAKE_TRAFFIC_SECRET 60fb14db9832c4c0d3939cea8b7d20787c0e5b17987afc41dee52ba91f05bfe5 364d5ed4af96eede3aea38c5ceb10a642d6dcffc987b396191bce6e4973e6eea
CLIENT_HANDSHAKE_TRAFFIC_SECRET 56df7e918cf600bbc11a600f03487a6f347268f7aa153ef913e0efedc1620d99 d7d1bbbbc67e9689559c18c1ceac7db54720ccd4aa40f76f46351ac14200674d
SERVER_HANDSHAKE_TRAFFIC_SECRET 56df7e918cf600bbc11a600f03487a6f347268f7aa153ef913e0efedc1620d99 a8fc12fe19eb758003098d431c20c570ba2a36eaef51774ec8b3bfa00ec090f7
CLIENT_TRAFFIC_SECRET_0 60fb14db9832c4c0d3939cea8b7d20787c0e5b17987afc41dee52ba91f05bfe5 4ee0100472cc6c91885e273c9c76e64ac64fb43e7ae5ef121caf562c4ba3b0a1
SERVER_TRAFFIC_SECRET_0 60fb14db9832c4c0d3939cea8b7d20787c0e5b17987afc41dee52ba91f05bfe5 c3fcb29e8b463358ed2e9ea6166bd12710d2ec311c4a48bb18a233be0ef47c26
EXPORTER_SECRET 60fb14db9832c4c0d3939cea8b7d20787c0e5b17987afc41dee52ba91f05bfe5 4fc2d71d852896b3327061260add11c4acb9cf76b5272bbfe0d584bc5dd8d1d0
CLIENT_TRAFFIC_SECRET_0 56df7e918cf600bbc11a600f03487a6f347268f7aa153ef913e0efedc1620d99 870b020657b2d7a3be1924f9327fb5ba084e74fa9cc6789a1155085ba27842b7
SERVER_TRAFFIC_SECRET_0 56df7e918cf600bbc11a600f03487a6f347268f7aa153ef913e0efedc1620d99 e4c326149a156135be2b669ea18da8d2e8ea063a8bf7b0950fc1325f90d284b4
EXPORTER_SECRET 56df7e918cf600bbc11a600f03487a6f347268f7aa153ef913e0efedc1620d99 7ef4ce2eb5708f190272d9f8c82bfc5dfb31562068e6cf50eaaa58f1624e3124
CLIENT_EARLY_TRAFFIC_SECRET 11e90d901645353d0bd44212f299a003ec37bb921e58fde48d9dc8c0f0ed80b3 44e4ac0e5645cede8765f9ae1fc2875947177b264179cfaa4fe57db2956c641f
CLIENT_HANDSHAKE_TRAFFIC_SECRET 11e90d901645353d0bd44212f299a003ec37bb921e58fde48d9dc8c0f0ed80b3 c79ef1e95ba5ed647006a330ea0cea27f17c7ba53f6e8f043b2d649002571508
SERVER_HANDSHAKE_TRAFFIC_SECRET 11e90d901645353d0bd44212f299a003ec37bb921e58fde48d9dc8c0f0ed80b3 c10a999c831711293d9b18ab3bf09c4f4a0147f47c4f32b360f9312aa4bce761
CLIENT_TRAFFIC_SECRET_0 11e90d901645353d0bd44212f299a003ec37bb921e58fde48d9dc8c0f0ed80b3 272b522b3fafa468743ea8c8d287e9cd5f27e8cee264fa1febaee48a5e65ab52
SERVER_TRAFFIC_SECRET_0 11e90d901645353d0bd44212f299a003ec37bb921e58fde48d9dc8c0f0ed80b3 cdc238f20f52d010e2febd41a6740dac54db43c398ef405ff547ea43ee6f68f8
EXPORTER_SECRET 11e90d901645353d0bd44212f299a003ec37bb921e58fde48d9dc8c0f0ed80b3 890a8691e2a1be823dd42de720e37dee561eb471674fa532bd71cef4b55597e2
CLIENT_HANDSHAKE_TRAFFIC_SECRET 51cc58b932230656fd7deea55bc1a113f2f79a1c2ed76d7e2369c06a27681c47 c51bbf96dafce3014df5481558ea0e46ad3039c8ffff2231092df72a17aaf2d7
SERVER_HANDSHAKE_TRAFFIC_SECRET 51cc58b932230656fd7deea55bc1a113f2f79a1c2ed76d7e2369c06a27681c47 5a6a3ce4405c786895acad54990361d788296d41b498670c71d68e13b65b2e9c
CLIENT_TRAFFIC_SECRET_0 51cc58b932230656fd7deea55bc1a113f2f79a1c2ed76d7e2369c06a27681c47 93312099f1ee422ec0c91031228d6013818e4fa5033f815582d345d3b638b350
SERVER_TRAFFIC_SECRET_0 51cc58b932230656fd7deea55bc1a113f2f79a1c2ed76d7e2369c06a27681c47 f7912e8fe8e6bedcc04c77ffb77387e826bc9087d728055d86f130a7ef50ed75
EXPORTER_SECRET 51cc58b932230656fd7deea55bc1a113f2f79a1c2ed76d7e2369c06a27681c47 e2f5eb00a0a2715c2984bd8aa38be7562febe0b511b37a9fbfe5d73ced25c9d2
CLIENT_HANDSHAKE_TRAFFIC_SECRET 6dc3e63bda434a57731ed5f6c51e7ba26def819b4a70fc66f993e2cd849de05e c0d86b685c084285cc240cff861e58064bb519e331901f83877b8251bb8742a8
SERVER_HANDSHAKE_TRAFFIC_SECRET 6dc3e63bda434a57731ed5f6c51e7ba26def819b4a70fc66f993e2cd849de05e b61713a43965d605a2ef466c13779b82a85ce1d082cb042020e2a2f710ce625a
CLIENT_TRAFFIC_SECRET_0 6dc3e63bda434a57731ed5f6c51e7ba26def819b4a70fc66f993e2cd849de05e bb76c35cd83d49f20d5071b53911437310e6361745fdf8257220a9b8d53c61c6
SERVER_TRAFFIC_SECRET_0 6dc3e63bda434a57731ed5f6c51e7ba26def819b4a70fc66f993e2cd849de05e a08231cfc02423be31ba8ebf8ba2d4f2c5fc45e493cecaaa6c169bb0ca1e2d96
EXPORTER_SECRET 6dc3e63bda434a57731ed5f6c51e7ba26def819b4a70fc66f993e2cd849de05e 81f03a36ca6399087037f13391c5279d1d95cd490971381c565d7845d9582c45
CLIENT_EARLY_TRAFFIC_SECRET b50bea758e7e27d40afae3d6d0df0dfd775b491464284264f28cc773b9e7ab77 c64229b88b5ed3ebbcd37433f28bd135d02cca83d6643e7bfa21e25c174b65ac
CLIENT_RANDOM 2c33cc44149ff2c3462928992de24353aec82eef8b92e2aa612e4126230d7c15 afa7d4549d6b4871d5023276adf0d63615e85d7648005c924a284dc99f928382a1dd82d2ab68cec65c077be04df7a061
CLIENT_HANDSHAKE_TRAFFIC_SECRET b50bea758e7e27d40afae3d6d0df0dfd775b491464284264f28cc773b9e7ab77 501e5f27005ea0cd195ee7b78394382d9d743d387a93d2c8935c067243990408
SERVER_HANDSHAKE_TRAFFIC_SECRET b50bea758e7e27d40afae3d6d0df0dfd775b491464284264f28cc773b9e7ab77 1d0c6c14d66c329d340bd8b4f6eaf7eff907f7bd8646cc0a7686d602939c40a3
CLIENT_TRAFFIC_SECRET_0 b50bea758e7e27d40afae3d6d0df0dfd775b491464284264f28cc773b9e7ab77 d868951615968617676cf148dd08b71cc765139c8d8d7f63c5fbcb70a2ba8a80
SERVER_TRAFFIC_SECRET_0 b50bea758e7e27d40afae3d6d0df0dfd775b491464284264f28cc773b9e7ab77 5d062a3ae9ee08d3715f70ccf49e5fc020c4aa94ef5211bdecf63ed18855dfd0
EXPORTER_SECRET b50bea758e7e27d40afae3d6d0df0dfd775b491464284264f28cc773b9e7ab77 8bf12f7e6254c7717c2fd5bc0b64076ce265e60dc6c0b17e19c29b47313771b8
CLIENT_HANDSHAKE_TRAFFIC_SECRET 8d28299219cb4dc76a754f140d792d2240da866c8e9b3d2454bd680db15a400e 626ea729588137b4d4bacc4c6576be4a00af0b2d6898c0450952510b38f6701f
SERVER_HANDSHAKE_TRAFFIC_SECRET 8d28299219cb4dc76a754f140d792d2240da866c8e9b3d2454bd680db15a400e 771b7ac2664a46342cc1db01d13eb87c85a38b8a5eea3372c832142b9040db78
CLIENT_TRAFFIC_SECRET_0 8d28299219cb4dc76a754f140d792d2240da866c8e9b3d2454bd680db15a400e c7fba5061f06dc8371879f248f2843ae7870ad8c25dce4bfb0a8774e805680d2
SERVER_TRAFFIC_SECRET_0 8d28299219cb4dc76a754f140d792d2240da866c8e9b3d2454bd680db15a400e ec4c2649c3ede692bfddfd87edcc6d6ee1bbbca3d0f7fdfc8fdcb4048c3b24ed
EXPORTER_SECRET 8d28299219cb4dc76a754f140d792d2240da866c8e9b3d2454bd680db15a400e a15bed9d0680516e5e5cb0cb8cee09896e1964994476096e162fdf6c8a36e7bf
CLIENT_RANDOM e96f5ecfa4e519b6ff9e38f162b4360f6fa56c69db5e3be9a5dc61d95cb9941f afa7d4549d6b4871d5023276adf0d63615e85d7648005c924a284dc99f928382a1dd82d2ab68cec65c077be04df7a061
CLIENT_RANDOM d7502d531d3e4aa490058709e8d2bdc442d7e853bc4512a599d9dfa08bdf02ed afa7d4549d6b4871d5023276adf0d63615e85d7648005c924a284dc99f928382a1dd82d2ab68cec65c077be04df7a061
CLIENT_RANDOM cbe4a37e0ba440dd9d7623d1132008e99b422124059228e5afd0634e1e15c906 afa7d4549d6b4871d5023276adf0d63615e85d7648005c924a284dc99f928382a1dd82d2ab68cec65c077be04df7a061
CLIENT_RANDOM 22b7677d83c5b478ee9f6539968f52961bbb45ccf81ec2d27b36041aaa094c5f afa7d4549d6b4871d5023276adf0d63615e85d7648005c924a284dc99f928382a1dd82d2ab68cec65c077be04df7a061
CLIENT_RANDOM 4746bea0052fa323506a1484e713319b831b91122cf537b75ab16a1d6a85fd2f afa7d4549d6b4871d5023276adf0d63615e85d7648005c924a284dc99f928382a1dd82d2ab68cec65c077be04df7a061
CLIENT_HANDSHAKE_TRAFFIC_SECRET 74786ae650e82161e35c702ca9759fba73f31dc0b4181acfd3ade5be5f1c8e53 fdbf9715ed6f01e001f5946c2e27f504f62b41b669e8b27ea25af665b18bdde6
SERVER_HANDSHAKE_TRAFFIC_SECRET 74786ae650e82161e35c702ca9759fba73f31dc0b4181acfd3ade5be5f1c8e53 a22ae437931c6055d48b55c96cb82fe9876ddc77dbdc8e9c1e8715781c79cfe4
CLIENT_TRAFFIC_SECRET_0 74786ae650e82161e35c702ca9759fba73f31dc0b4181acfd3ade5be5f1c8e53 e2d0b64742be79a62c85b8e5f50a7a7973b0dda8609ab6cb89708e9be933935d
SERVER_TRAFFIC_SECRET_0 74786ae650e82161e35c702ca9759fba73f31dc0b4181acfd3ade5be5f1c8e53 45c09d5e9dc2daca7b15c066b1718ab90340d09db5de273e338e2b6ea9aef1c5
EXPORTER_SECRET 74786ae650e82161e35c702ca9759fba73f31dc0b4181acfd3ade5be5f1c8e53 2060c9530672c0575e180089fbc1408bcb4a226d07696463bad02d08fc80a522
CLIENT_HANDSHAKE_TRAFFIC_SECRET 297685ceb9a85a2ea5995685785a3f8d3a8a7535ec71f68c6e8680418745c684 76aed86530daf2e1c1fc57c2148ddbb3b3b360478de5fe1e246c45113847a11d
SERVER_HANDSHAKE_TRAFFIC_SECRET 297685ceb9a85a2ea5995685785a3f8d3a8a7535ec71f68c6e8680418745c684 52360ba05c9173768f563896da0508b9cb17297ee468d3cd493414eeaf75223f
CLIENT_TRAFFIC_SECRET_0 297685ceb9a85a2ea5995685785a3f8d3a8a7535ec71f68c6e8680418745c684 3e3ee381c095b71fef3b2e6df1c779ee44a476dfd3bc082ff2d6d98a7414d4fd
SERVER_TRAFFIC_SECRET_0 297685ceb9a85a2ea5995685785a3f8d3a8a7535ec71f68c6e8680418745c684 c9c7dc0c03b7a5b6724550ceee0df1aaf97808d3b8a6aa0005e3535d4ce88f5d
EXPORTER_SECRET 297685ceb9a85a2ea5995685785a3f8d3a8a7535ec71f68c6e8680418745c684 4ea05e7b392d71c25f7ad566b976f48d48d17969f483436d3a20d86c16146fbe
CLIENT_HANDSHAKE_TRAFFIC_SECRET 8dfbb3aa0b9a28f1b55180eebcfc8ee8028572a90cd1910dbea0e34d4c8a9738 e253b07920dbd03dbabd6cbc4a9c0aa4b0b8e07763e674a6631458c3a2f421fa
SERVER_HANDSHAKE_TRAFFIC_SECRET 8dfbb3aa0b9a28f1b55180eebcfc8ee8028572a90cd1910dbea0e34d4c8a9738 7bb239bf66de9e6c04a17c336a6c1e6fb81f2792bc803c05135d9b18defccb17
CLIENT_TRAFFIC_SECRET_0 8dfbb3aa0b9a28f1b55180eebcfc8ee8028572a90cd1910dbea0e34d4c8a9738 31a57964e6524505488799e83df5dc8265f22de4f080b6bf896c9a4745468dea
SERVER_TRAFFIC_SECRET_0 8dfbb3aa0b9a28f1b55180eebcfc8ee8028572a90cd1910dbea0e34d4c8a9738 690dbd822542ee1f6c4202ac35fa1102d9cd60a3d1cd1d9c8143ab73d1f3b351
EXPORTER_SECRET 8dfbb3aa0b9a28f1b55180eebcfc8ee8028572a90cd1910dbea0e34d4c8a9738 efb2dda63047129d3d39c3824430f80b47693f8321185d496d01dcd96591fbb2
CLIENT_HANDSHAKE_TRAFFIC_SECRET f29ea8331338bdf203a7f8e1f2ab8c0214edfada86d02df093aa705de251a777 f0a2acc4e314f34db0c4fea79adbb0f0cdd30d98741413da62c550b016f030b4
SERVER_HANDSHAKE_TRAFFIC_SECRET f29ea8331338bdf203a7f8e1f2ab8c0214edfada86d02df093aa705de251a777 9a12ec877181021d7413d6106d6d9a7d093b851728b30948e42b09ff8ec28931
CLIENT_TRAFFIC_SECRET_0 f29ea8331338bdf203a7f8e1f2ab8c0214edfada86d02df093aa705de251a777 f4c0acd6c672072d50ec98006fb1c71a958539d9ad6b70c13e4c2ecfa0565864
SERVER_TRAFFIC_SECRET_0 f29ea8331338bdf203a7f8e1f2ab8c0214edfada86d02df093aa705de251a777 9e0c8e27d5308160225b664c49f91e8589e7ad5456b6b21c0a12f7c196d0dcc9
EXPORTER_SECRET f29ea8331338bdf203a7f8e1f2ab8c0214edfada86d02df093aa705de251a777 e0de002768482f90ab637c206f99d4ebce61b0c2e64adafb1e7272e3ed102bfd
CLIENT_HANDSHAKE_TRAFFIC_SECRET d0ee4d6ad38b934a56f10e43887836bb8433e19d8aae5dc6cc4916681f03d59c 86e0f53c1a6e6ca974390bc7f4b70bb1a976ad5583bfea39c5a41fb22cc1103b
SERVER_HANDSHAKE_TRAFFIC_SECRET d0ee4d6ad38b934a56f10e43887836bb8433e19d8aae5dc6cc4916681f03d59c dfb2a141b46395a34293359052977b049b65f127324169d27af67dc29efe3a8f
CLIENT_TRAFFIC_SECRET_0 d0ee4d6ad38b934a56f10e43887836bb8433e19d8aae5dc6cc4916681f03d59c fc80665f71c3fdbfed2f364e8942035a15fb4ffef36850636a121162ec271ab3
SERVER_TRAFFIC_SECRET_0 d0ee4d6ad38b934a56f10e43887836bb8433e19d8aae5dc6cc4916681f03d59c 30e90e0696484b964262b5d5ce6f8abdffccc1d1df4fd5fb8a6e4d0928b102ef
EXPORTER_SECRET d0ee4d6ad38b934a56f10e43887836bb8433e19d8aae5dc6cc4916681f03d59c bdac0fa45972c2be711a4580315be11168eb144199abff3aad967653755eefab
CLIENT_HANDSHAKE_TRAFFIC_SECRET 958dd59bd727b2afab6522997c0a7bd959abf1cd5883a24023066a5226c9b7c8 759743f1bab3b55cdf1afe7a9d3873ab4bdff0ef6f11aea0af7b4e6a4d0a1b74
SERVER_HANDSHAKE_TRAFFIC_SECRET 958dd59bd727b2afab6522997c0a7bd959abf1cd5883a24023066a5226c9b7c8 aab10934e3fff579cebf501ad012d270fb5dcca3e16e07d4d63e214c5b6d8208
CLIENT_TRAFFIC_SECRET_0 958dd59bd727b2afab6522997c0a7bd959abf1cd5883a24023066a5226c9b7c8 f44554bcd5f9ca887e47e83400cc9bf3b6033bb28628c30451c5c930849fd19e
SERVER_TRAFFIC_SECRET_0 958dd59bd727b2afab6522997c0a7bd959abf1cd5883a24023066a5226c9b7c8 2551815d3cc3484e8cf7c8146d01ca63c2aaf7bfe3f9a6f18d0624f00cec1784
EXPORTER_SECRET 958dd59bd727b2afab6522997c0a7bd959abf1cd5883a24023066a5226c9b7c8 7b3421bec38d18db8ebfea43ee530a807174939a016201e67c522e055f99c78a
CLIENT_HANDSHAKE_TRAFFIC_SECRET b0c8a4a0368485bcc0f92382cdee44d5843d5a18027834b40f4a98ef7eac0b53 668cba1ca914899a19ffdebcdf4627d92951d417c47f579a4fa0017c7ec8c0e4
SERVER_HANDSHAKE_TRAFFIC_SECRET b0c8a4a0368485bcc0f92382cdee44d5843d5a18027834b40f4a98ef7eac0b53 ada87e04a171b070779d7985d9f99d1e4ca16ff930a5a7a7c1dc0f11267c6701
CLIENT_TRAFFIC_SECRET_0 b0c8a4a0368485bcc0f92382cdee44d5843d5a18027834b40f4a98ef7eac0b53 9ba2d9fa302d19fd044a795488b5361550f21c23dcde4a72bfa91d6c277db4d7
SERVER_TRAFFIC_SECRET_0 b0c8a4a0368485bcc0f92382cdee44d5843d5a18027834b40f4a98ef7eac0b53 8c262fb548e898efe0944bc896616563afe9b75feb2b25739c0efe364794c14a
EXPORTER_SECRET b0c8a4a0368485bcc0f92382cdee44d5843d5a18027834b40f4a98ef7eac0b53 e6d18720221d6b47c7b214f421010ca14f3fc84c359a656bb930188ddbb84137
CLIENT_HANDSHAKE_TRAFFIC_SECRET 0f18d9352e02bd282e3716381cfbe605b3b22ea95aafdd0a05b463daaa05b9af fae6b7f2e8e081a36f90bc2773d07b41046b5720ffde72f9a141f20d33dd8a4c
SERVER_HANDSHAKE_TRAFFIC_SECRET 0f18d9352e02bd282e3716381cfbe605b3b22ea95aafdd0a05b463daaa05b9af 54cc9456f326c8c41e51cf5ce70e7c1e182ac8185e6c585776462cc41b67afc1
CLIENT_TRAFFIC_SECRET_0 0f18d9352e02bd282e3716381cfbe605b3b22ea95aafdd0a05b463daaa05b9af 87a037aa49017d43ecdddc619b933c0cb6f223dd0f60e5b65e2e291b3fd8db00
SERVER_TRAFFIC_SECRET_0 0f18d9352e02bd282e3716381cfbe605b3b22ea95aafdd0a05b463daaa05b9af 78d59da5da86410aecb631c29e1a4d5fa3f61a28e97e69c08677ba8c22b0dff8
EXPORTER_SECRET 0f18d9352e02bd282e3716381cfbe605b3b22ea95aafdd0a05b463daaa05b9af aebf2163b98b20c549f07055284990e3427b9d19fdb899241bc4dc4adef88474
