CLIENT_HANDSHAKE_TRAFFIC_SECRET 8e4df20521a46bbb2a69b8b9d04a778678bba509b5b992449b47797481295586 df53fc3df692f2f6e1da4e17a391ae5d8f5e1fe60d47b914f16d4c9933d01680
SERVER_HANDSHAKE_TRAFFIC_SECRET 8e4df20521a46bbb2a69b8b9d04a778678bba509b5b992449b47797481295586 df3968a72e45025dd6ab964c51b38cefd07633108cfb8238e54b11ddcd51796f
CLIENT_HANDSHAKE_TRAFFIC_SECRET e0a2bc96d39d44bb19c32cd2567eb5e6c79bfcc6e89ab8598bcf1ad61f5f9400 e4c9d81a7fe07a0124cb3696d7e5a0a18bea09e98a34ce9d7d26fe29ba0963d0
SERVER_HANDSHAKE_TRAFFIC_SECRET e0a2bc96d39d44bb19c32cd2567eb5e6c79bfcc6e89ab8598bcf1ad61f5f9400 68bc8ef9e31d856ddb9bc7ea4d3467cff5176022d4f7560573bf3ea443fdb6de
CLIENT_HANDSHAKE_TRAFFIC_SECRET 3c03328715e3e671e3f11bb4925ffb5d4136469d223ce96d35015090c9d926ce 12e54cb39dc12b550b9a86cf39829244a07345ff7263e12b45ce3f5e15dd17bd
SERVER_HANDSHAKE_TRAFFIC_SECRET 3c03328715e3e671e3f11bb4925ffb5d4136469d223ce96d35015090c9d926ce 847f4bf87d665ea5ebb1da34d56f75dbb1ea63d4c26f0906c08be0ba07705802
CLIENT_TRAFFIC_SECRET_0 3c03328715e3e671e3f11bb4925ffb5d4136469d223ce96d35015090c9d926ce c74f235cef0a21d924c8949446772685c8765e161f1b8829477540aa7c429052
SERVER_TRAFFIC_SECRET_0 3c03328715e3e671e3f11bb4925ffb5d4136469d223ce96d35015090c9d926ce bab2dd8cee663a422743e12179dc0bcbbfee4eced4c4f9ee0a5b877c9b8a781c
EXPORTER_SECRET 3c03328715e3e671e3f11bb4925ffb5d4136469d223ce96d35015090c9d926ce d1dc57b7452bbabf3dad638da27e070253ec1813afbc901f7386f26707a869b2
CLIENT_TRAFFIC_SECRET_0 8e4df20521a46bbb2a69b8b9d04a778678bba509b5b992449b47797481295586 57e24f1315146ed753634e69475d14bb6a1c3af616cf7d9653b727c41751a664
SERVER_TRAFFIC_SECRET_0 8e4df20521a46bbb2a69b8b9d04a778678bba509b5b992449b47797481295586 21916755b05a5a176485325b3f9a52d3f52d119708694184aa65951ac0139967
EXPORTER_SECRET 8e4df20521a46bbb2a69b8b9d04a778678bba509b5b992449b47797481295586 56e82aa4b33ffc13ca3f52fc187bfb165800e9d37aeeab57c6c71f0c64a0309e
CLIENT_TRAFFIC_SECRET_0 e0a2bc96d39d44bb19c32cd2567eb5e6c79bfcc6e89ab8598bcf1ad61f5f9400 3db42b9628596d6b478491d6b0c6bc6535ab3f8a18c268795b90bc3c14d43e9c
SERVER_TRAFFIC_SECRET_0 e0a2bc96d39d44bb19c32cd2567eb5e6c79bfcc6e89ab8598bcf1ad61f5f9400 f821092e64d93d1beef86e282ac3641656504efdb66a8567f3176c18909f25f0
EXPORTER_SECRET e0a2bc96d39d44bb19c32cd2567eb5e6c79bfcc6e89ab8598bcf1ad61f5f9400 f76ec86b6a8bf1669585f93de2d6f988321e61ce00477ffce8e0a66c6b2a16b0
CLIENT_HANDSHAKE_TRAFFIC_SECRET b1b2186a5a89c4c0e52fad1cf1d9ff8b63006340f955734fb800b962c879acc5 594219393a7bf0166b437042b9ebe59c8e57e767148b204705a67733bfb5766e
SERVER_HANDSHAKE_TRAFFIC_SECRET b1b2186a5a89c4c0e52fad1cf1d9ff8b63006340f955734fb800b962c879acc5 3f9bd5ae4a0d2dabc6f6496da865f96760039bf9c7e16353c5645e2b15c80e91
CLIENT_TRAFFIC_SECRET_0 b1b2186a5a89c4c0e52fad1cf1d9ff8b63006340f955734fb800b962c879acc5 ba6ff6c833a953dec43bc403db1168032b0089e695335b788c1d51f36e47b9d7
SERVER_TRAFFIC_SECRET_0 b1b2186a5a89c4c0e52fad1cf1d9ff8b63006340f955734fb800b962c879acc5 2b82ad6f647210a616e8d77ad3c104193d0f181b3def94d7d2dfdee6cb3655b7
EXPORTER_SECRET b1b2186a5a89c4c0e52fad1cf1d9ff8b63006340f955734fb800b962c879acc5 4dab4705df0af5c1774e5527264437845b48467be5de241754cd7dce3620cb91
CLIENT_HANDSHAKE_TRAFFIC_SECRET 31dc1d43de59abfe0fd8df235a97f9d2b40db9628d0e1c7aaa0b7f5d2c6903a1 7da7336aca0110438ac1421845146932ad24eb97d903a370a576d4710647f87c
SERVER_HANDSHAKE_TRAFFIC_SECRET 31dc1d43de59abfe0fd8df235a97f9d2b40db9628d0e1c7aaa0b7f5d2c6903a1 63f2e7862a1b35d5c3b9db6e5dd800b7395d42b8dc4e70b6b77d376bfc872504
CLIENT_HANDSHAKE_TRAFFIC_SECRET 88a9585b1b46d30316f6dbcf1331bec60372c7c259dc7a0705584f9480bfccdf 076184488e5626b880b4f5b70f8e8a9e40da44f60115d79c8eef90037f52cf63
SERVER_HANDSHAKE_TRAFFIC_SECRET 88a9585b1b46d30316f6dbcf1331bec60372c7c259dc7a0705584f9480bfccdf cef1938a645c21f642d24838eb1b83f10a3b5712ed8d1b2b569496d84de5bc5e
CLIENT_TRAFFIC_SECRET_0 88a9585b1b46d30316f6dbcf1331bec60372c7c259dc7a0705584f9480bfccdf 98c6bf74d33b937184b5d91b5dc15338b4037452e2bac36281ee129e780ec763
SERVER_TRAFFIC_SECRET_0 88a9585b1b46d30316f6dbcf1331bec60372c7c259dc7a0705584f9480bfccdf 311d575bf85ad9f957e3696d5430d97a151b0d311e9e95bfa35f7456e89edd52
EXPORTER_SECRET 88a9585b1b46d30316f6dbcf1331bec60372c7c259dc7a0705584f9480bfccdf fe1137868529978df51dd418b8d66f8724d122a606c04226c0729efd6869a016
CLIENT_HANDSHAKE_TRAFFIC_SECRET 174816e8b30db3cf1c52d4f40f2b09fc1ec78123ea9f10cd15850303c750d802 b2c628b94161f21d1269ebaad1a323eea75e8f9225334ac1a31f8206c356a012
SERVER_HANDSHAKE_TRAFFIC_SECRET 174816e8b30db3cf1c52d4f40f2b09fc1ec78123ea9f10cd15850303c750d802 6a65fa6469a699348b72952ad2ccbc80f333093ac794d8c4fe037c2cebe98873
CLIENT_TRAFFIC_SECRET_0 174816e8b30db3cf1c52d4f40f2b09fc1ec78123ea9f10cd15850303c750d802 fd0aa718b55675291be1ea20f1827c09a60c1a87e671ed05a69a8fe56ce18df4
SERVER_TRAFFIC_SECRET_0 174816e8b30db3cf1c52d4f40f2b09fc1ec78123ea9f10cd15850303c750d802 15ed4912be5135a2f5675f6215f74cacee54d8f4e890352178d7023d690618e4
EXPORTER_SECRET 174816e8b30db3cf1c52d4f40f2b09fc1ec78123ea9f10cd15850303c750d802 fca05b545218ded997ce52a29f5675dd4d1dd20686ce1c193e3f8b98f5e6bc90
CLIENT_TRAFFIC_SECRET_0 31dc1d43de59abfe0fd8df235a97f9d2b40db9628d0e1c7aaa0b7f5d2c6903a1 d65afda0eda2c71254b02d4d81eff6f11e1b990ec99bc2d4b141b58c646d0e7f
SERVER_TRAFFIC_SECRET_0 31dc1d43de59abfe0fd8df235a97f9d2b40db9628d0e1c7aaa0b7f5d2c6903a1 263d21dd9e108ca3f000f506b37cf40a5e3157864318dceec0bb10bf08f51853
EXPORTER_SECRET 31dc1d43de59abfe0fd8df235a97f9d2b40db9628d0e1c7aaa0b7f5d2c6903a1 9ec1dc9142850ed9608d883c5e2d69f93c858adbe58c18fc71e0c7d2febf3963
CLIENT_HANDSHAKE_TRAFFIC_SECRET c2442d0d2a882338dffeb0aa656e1dd11c3637fa6c49456da0099a5376451dd0 c1362fce3cae98a1737b59aa94c903175774666ac0cc883aed21c4b318e5a2c2
SERVER_HANDSHAKE_TRAFFIC_SECRET c2442d0d2a882338dffeb0aa656e1dd11c3637fa6c49456da0099a5376451dd0 bf0928ca9e94522806022cbeadc4cb65fa5e1d73ccfbbe310de1f0f9b882d7d4
CLIENT_TRAFFIC_SECRET_0 c2442d0d2a882338dffeb0aa656e1dd11c3637fa6c49456da0099a5376451dd0 7e024d618d20e1a1aeacd9f4880fc2a905198f2a315cc87a55e21e9cf52fa3f5
SERVER_TRAFFIC_SECRET_0 c2442d0d2a882338dffeb0aa656e1dd11c3637fa6c49456da0099a5376451dd0 b9193a8e3374f6d308de43653ef838d5ff9b91a0ee900a6bd52705f47f2d199c
EXPORTER_SECRET c2442d0d2a882338dffeb0aa656e1dd11c3637fa6c49456da0099a5376451dd0 95c0af92db46c479c14fba9afc33637f1a7d3b833c17a2dcca963b5999a9ed55
CLIENT_HANDSHAKE_TRAFFIC_SECRET 44553995d2485c698c4c1e0abe3cc0d3ff764d1cfee7eee1256a0172e483e4ed 46b47971f02ac103c9343652b358442e6b573d79e3cfb2ad4b8fc82028e7b8be
SERVER_HANDSHAKE_TRAFFIC_SECRET 44553995d2485c698c4c1e0abe3cc0d3ff764d1cfee7eee1256a0172e483e4ed f0f56647e04cc0990369738bd81b9f23872850400a0dcb5927c1ecdf86725add
CLIENT_TRAFFIC_SECRET_0 44553995d2485c698c4c1e0abe3cc0d3ff764d1cfee7eee1256a0172e483e4ed 8714782b62588e494ce7240343ada732a344d930f69b26c8df7535758bd23e9b
SERVER_TRAFFIC_SECRET_0 44553995d2485c698c4c1e0abe3cc0d3ff764d1cfee7eee1256a0172e483e4ed 9aa60b62b7b7c624e06e8492286ca0625fe3c66196d676743e3c61bc0cf8a10b
EXPORTER_SECRET 44553995d2485c698c4c1e0abe3cc0d3ff764d1cfee7eee1256a0172e483e4ed f0dfa4e90adff3542682ab8fdee00947d14110bdbc86379d5d9b551fb8d5f585
CLIENT_HANDSHAKE_TRAFFIC_SECRET 4dd59787a14d5630a3a8498b168028d7e34d05b8f95612b50d9b2e63b0f9a474 28f7b824425a2f34e84ba9d70cdadf47e1d5ea6bec5fb4c69e7f50d6c6cd809f
SERVER_HANDSHAKE_TRAFFIC_SECRET 4dd59787a14d5630a3a8498b168028d7e34d05b8f95612b50d9b2e63b0f9a474 0021e28eee99b91f2169e7f71b2162254fc55442685329ea663dd14646a24f43
CLIENT_TRAFFIC_SECRET_0 4dd59787a14d5630a3a8498b168028d7e34d05b8f95612b50d9b2e63b0f9a474 f67976e868940d976c52493f3a23d27d095e3271f9d11ca340ffcc9eaf66b646
SERVER_TRAFFIC_SECRET_0 4dd59787a14d5630a3a8498b168028d7e34d05b8f95612b50d9b2e63b0f9a474 4886024e8d6dddeb0710b6c531f3af834dc659c504658aaaee22cf9d789e8f59
EXPORTER_SECRET 4dd59787a14d5630a3a8498b168028d7e34d05b8f95612b50d9b2e63b0f9a474 1b3d3c3d4bd18a9d2795519ccac1eb4627665368930701aa853828069ee0a411
CLIENT_EARLY_TRAFFIC_SECRET 33c2915125230ba009a19dcd9a744df84a8feafd90d0c7f3527c64915e147ae9 7fa86d26072c979df8e912aba2bc326ef02efd6dcb8c0ceae1ec1398c40aa4da
CLIENT_HANDSHAKE_TRAFFIC_SECRET ebe737b76ea5114d90a1a035fe04352d28825328b23a2b9df4f684f7e2ab8119 513b41900666b0112974258a83e336b0389656b5f09c81841b2128cdf37e61fc
SERVER_HANDSHAKE_TRAFFIC_SECRET ebe737b76ea5114d90a1a035fe04352d28825328b23a2b9df4f684f7e2ab8119 9766fb6d1734d50a0598b7ccb54e9c995fa427be4f0ea36b99a40099a7a1fbd1
CLIENT_TRAFFIC_SECRET_0 ebe737b76ea5114d90a1a035fe04352d28825328b23a2b9df4f684f7e2ab8119 8b6e6516170e78578f04399aa72c1ea09b8e9211383ca2525e6fde292f31cd36
SERVER_TRAFFIC_SECRET_0 ebe737b76ea5114d90a1a035fe04352d28825328b23a2b9df4f684f7e2ab8119 c6da9edd0bba350afc435699eab6a330453d8a01376865596825e11d20f9757d
EXPORTER_SECRET ebe737b76ea5114d90a1a035fe04352d28825328b23a2b9df4f684f7e2ab8119 5edc26b2f9c33b3d61b95c3c84575fdbfb43042fbfcb56e2f864162285331c69
CLIENT_HANDSHAKE_TRAFFIC_SECRET 33c2915125230ba009a19dcd9a744df84a8feafd90d0c7f3527c64915e147ae9 2e5743d343183fdd08f4da2db4d8c1f0ac9c4b0d51a7ade547898d34fb71e5e0
SERVER_HANDSHAKE_TRAFFIC_SECRET 33c2915125230ba009a19dcd9a744df84a8feafd90d0c7f3527c64915e147ae9 5d27fbae1e1aa892f67df89a39b4a0e1eed049a350344fa87aaede1b7dc97a32
CLIENT_TRAFFIC_SECRET_0 33c2915125230ba009a19dcd9a744df84a8feafd90d0c7f3527c64915e147ae9 1c81fc757b07a729b7a474cfe7804d980c0025b390b7376e27eee2467a255fc2
SERVER_TRAFFIC_SECRET_0 33c2915125230ba009a19dcd9a744df84a8feafd90d0c7f3527c64915e147ae9 95c4f7fa794e186df05a26fa4f4c847b99c81377c24abf79db3d9305d91d4700
EXPORTER_SECRET 33c2915125230ba009a19dcd9a744df84a8feafd90d0c7f3527c64915e147ae9 60f26ef41b599c8f30686eb2be9e395652b714a4267c82e751536a547625c9b3
CLIENT_HANDSHAKE_TRAFFIC_SECRET 1d3f724e5921d15fa8553fbb60047f59e898f595507af53d970cf4202add9e66 be7aaae9d592f160d6c85b55e719795ed10cc9a4483eb5badc2d517c6f079ef1
SERVER_HANDSHAKE_TRAFFIC_SECRET 1d3f724e5921d15fa8553fbb60047f59e898f595507af53d970cf4202add9e66 83f41a2389ef3dfd03d4af120077f3e88237ef624fe304c5625c92759a7925b3
CLIENT_TRAFFIC_SECRET_0 1d3f724e5921d15fa8553fbb60047f59e898f595507af53d970cf4202add9e66 fae31b7ab91f5915c2c60577c834f413f8582e5caae40e3bb2bce408997562ac
SERVER_TRAFFIC_SECRET_0 1d3f724e5921d15fa8553fbb60047f59e898f595507af53d970cf4202add9e66 d3bc7eb79d9017b2550fdc97b37a427cccf2924230a87050f041ec60509ce332
EXPORTER_SECRET 1d3f724e5921d15fa8553fbb60047f59e898f595507af53d970cf4202add9e66 715b2d47b3739a1f666b2894734e684f8cdb16c7572856ccb7e49ca43404a282
CLIENT_HANDSHAKE_TRAFFIC_SECRET 92be659b4e69583efaeded4819eb6f34a9392f7ff12cd2aa634fadb570aab71b b390a09e9d7b93439ab6efda201a971498a44d466c519f21c23ef5a4c09fcf2f
SERVER_HANDSHAKE_TRAFFIC_SECRET 92be659b4e69583efaeded4819eb6f34a9392f7ff12cd2aa634fadb570aab71b 60ae357e34866d4b1d244b3305065d0ec045d80c2d0db2b3e30cefb9af492526
CLIENT_TRAFFIC_SECRET_0 92be659b4e69583efaeded4819eb6f34a9392f7ff12cd2aa634fadb570aab71b abe7b959ee38981ae3a1b5c81166bea76ea6bd3457ca82557d2cdd537d8c2a92
SERVER_TRAFFIC_SECRET_0 92be659b4e69583efaeded4819eb6f34a9392f7ff12cd2aa634fadb570aab71b 430f7bbcb8c3a34b915b089b60af99237d19bd357c643b96394b3d7563720f0c
EXPORTER_SECRET 92be659b4e69583efaeded4819eb6f34a9392f7ff12cd2aa634fadb570aab71b 00a7c64989db896693b5de8dabab7cd0ee5d3adfd56e4fd1a5670aa36856f2df
CLIENT_HANDSHAKE_TRAFFIC_SECRET 54ea905b2be5867c3623c0468e838c6caeea9b657f0c64cc39481ad19084f26a 91e8104b1215053e061fe1cebe3f586e8bad8c968ec38ac13e4a6a8bc7b2e708
SERVER_HANDSHAKE_TRAFFIC_SECRET 54ea905b2be5867c3623c0468e838c6caeea9b657f0c64cc39481ad19084f26a 750c5bcee031089d4866091009e83081de068730188e918162dfe70bb58be9bb
CLIENT_HANDSHAKE_TRAFFIC_SECRET 8060a5128be5b57fa75cdb4600b88be01fea91a3df7b2583d4c1bd2b21f6fc3e b10f1f5037599aa7b66ea6edb4abdc7904a48aa538bc704591382172021e7b32
SERVER_HANDSHAKE_TRAFFIC_SECRET 8060a5128be5b57fa75cdb4600b88be01fea91a3df7b2583d4c1bd2b21f6fc3e 0b9db0e94c84d9190c104bca4accfd5491c3ff916fbdb215bf841b3e023063a9
CLIENT_TRAFFIC_SECRET_0 54ea905b2be5867c3623c0468e838c6caeea9b657f0c64cc39481ad19084f26a 4f9364fa4f4dd58290086ef3ace4831b8ec9c5f8e8d30e6275b46119b1d21b71
SERVER_TRAFFIC_SECRET_0 54ea905b2be5867c3623c0468e838c6caeea9b657f0c64cc39481ad19084f26a 382d1ebbf73b99342781364a099b5ce87320fe61ea535980b26338ac2e64d501
EXPORTER_SECRET 54ea905b2be5867c3623c0468e838c6caeea9b657f0c64cc39481ad19084f26a a53efc5baa6d7f7faace49293c0d01624d152503da4fd2871702af933973db41
CLIENT_TRAFFIC_SECRET_0 8060a5128be5b57fa75cdb4600b88be01fea91a3df7b2583d4c1bd2b21f6fc3e 38c048afe2a3abcc0e959c18934870632f9a1dd064135ce51fd68186771d80a1
SERVER_TRAFFIC_SECRET_0 8060a5128be5b57fa75cdb4600b88be01fea91a3df7b2583d4c1bd2b21f6fc3e c59111658649964f9c776e1cba3392494e096d27510d0eba85253cc6ae308bcd
EXPORTER_SECRET 8060a5128be5b57fa75cdb4600b88be01fea91a3df7b2583d4c1bd2b21f6fc3e 5ddb8658c0d48a638cb3f1c854f4d017180058921b39e691733d01484d581632
CLIENT_HANDSHAKE_TRAFFIC_SECRET 8bd0398b91133c77b423137049c44960fc5ab21301fe7ee08047449c59d4cb2e dd2ae8e21f48a7762b7f4f1fe64f1dc6e3c26e50e39bae0e5df991fcf870c142
SERVER_HANDSHAKE_TRAFFIC_SECRET 8bd0398b91133c77b423137049c44960fc5ab21301fe7ee08047449c59d4cb2e 2b16ebe09fd6627f039354ec85cb9d3b4b744767f767cea956ca22eda5a70070
CLIENT_TRAFFIC_SECRET_0 8bd0398b91133c77b423137049c44960fc5ab21301fe7ee08047449c59d4cb2e f27e15c726e4c43a9dda9feffc2dc2f4d1bd98500ed928b996f193c8567b2e1f
SERVER_TRAFFIC_SECRET_0 8bd0398b91133c77b423137049c44960fc5ab21301fe7ee08047449c59d4cb2e 222f4b88b60bc853eda1e0aff69466af99a27f647512d63e7aacf8a576e5601e
EXPORTER_SECRET 8bd0398b91133c77b423137049c44960fc5ab21301fe7ee08047449c59d4cb2e be823cd776b5a94f2086f8ee6929055903c224d0055cecb062e6d9b6dff2eef2
CLIENT_HANDSHAKE_TRAFFIC_SECRET 67fbc3da59aea8160100c4280b0831690c0b98d0ac8c038b4ab8e74b8091acf6 64a53c167c5e4ae0a0175f4ea7c69099709b369027f4d82c625cd33888f5a0b1
SERVER_HANDSHAKE_TRAFFIC_SECRET 67fbc3da59aea8160100c4280b0831690c0b98d0ac8c038b4ab8e74b8091acf6 53f089b59e4c473a4f2e1edef658fd1acacb6fca6aa0efdf142ffff1ed1eed2f
CLIENT_TRAFFIC_SECRET_0 67fbc3da59aea8160100c4280b0831690c0b98d0ac8c038b4ab8e74b8091acf6 8373e51b527d1997c083238efb69ca007355f176bc6abb2eb01b4679c600a119
SERVER_TRAFFIC_SECRET_0 67fbc3da59aea8160100c4280b0831690c0b98d0ac8c038b4ab8e74b8091acf6 3ccd72b882a8856f59508a6859c899b724c79302aaffa1822329a8415c325348
EXPORTER_SECRET 67fbc3da59aea8160100c4280b0831690c0b98d0ac8c038b4ab8e74b8091acf6 25e30abaf33ad55fcf46e249d900044aca7abff99171fd0f8373ea4c8bc9e15b
CLIENT_EARLY_TRAFFIC_SECRET f8e7e715f21addacf2b82ef1c2d849bf3b989c74e498b2dbf95f8ba7de9ae5bb 1d07e61aed24694df54dae0c59f6582cc646ca3c8edd5b83f460e46758714e3f
CLIENT_HANDSHAKE_TRAFFIC_SECRET f8e7e715f21addacf2b82ef1c2d849bf3b989c74e498b2dbf95f8ba7de9ae5bb 88e437ca6c0818dd27ca69ab10f9f79b371b8811aeb734efd07fa7dfc7222c93
SERVER_HANDSHAKE_TRAFFIC_SECRET f8e7e715f21addacf2b82ef1c2d849bf3b989c74e498b2dbf95f8ba7de9ae5bb 8a73a250b61ee823c91a0c0267dceeb8c62d676e6dbe27ca032d6f2c8dce02b7
CLIENT_TRAFFIC_SECRET_0 f8e7e715f21addacf2b82ef1c2d849bf3b989c74e498b2dbf95f8ba7de9ae5bb 15254617b31f8a3a1178ca5dc4897cb7598b93b9a42b8da765ea192d251a6504
SERVER_TRAFFIC_SECRET_0 f8e7e715f21addacf2b82ef1c2d849bf3b989c74e498b2dbf95f8ba7de9ae5bb 51d86c995fe870329cd607827b7cc7892e9cad9d84b4e54dc9fc0dcf418202d1
EXPORTER_SECRET f8e7e715f21addacf2b82ef1c2d849bf3b989c74e498b2dbf95f8ba7de9ae5bb d660b45441c3d660d268d343c8ddf84b9c42def70c49ad9491416599cd857bed
CLIENT_EARLY_TRAFFIC_SECRET 6dd37ef6d6bbc506ee139f62eb1215afe9a42679c2011294576955c54945f9c6 dd73a35f54797bd515f61e000b9ffe1c2bdde3491ca8dbb229a326c80649be2b
CLIENT_HANDSHAKE_TRAFFIC_SECRET 6dd37ef6d6bbc506ee139f62eb1215afe9a42679c2011294576955c54945f9c6 d95fb99847967319d9b423a844b7bd8885721e0c69f688ca26a43a16460a464e
SERVER_HANDSHAKE_TRAFFIC_SECRET 6dd37ef6d6bbc506ee139f62eb1215afe9a42679c2011294576955c54945f9c6 4b4db8bd7a66723f19f1add399c37fb870ed1a4f7171314caf587c439e5707bc
CLIENT_TRAFFIC_SECRET_0 6dd37ef6d6bbc506ee139f62eb1215afe9a42679c2011294576955c54945f9c6 3f3cdfa5177a08e34a9eb874434672c54d181a9cace0c9ad71986d30803138b2
SERVER_TRAFFIC_SECRET_0 6dd37ef6d6bbc506ee139f62eb1215afe9a42679c2011294576955c54945f9c6 335a22f19247b553cbd0fccd0a4c6043a9a64236312ea469e19b7799d413d039
EXPORTER_SECRET 6dd37ef6d6bbc506ee139f62eb1215afe9a42679c2011294576955c54945f9c6 1a0c0b5a9b20c99e8e2d708ce112f43802144a695a5fa86c5577a1c42a5e0d28
CLIENT_HANDSHAKE_TRAFFIC_SECRET 9abd47ef65372e369fca97d4c5de7072681d9e8a20b211d0589f13a09c104499 24ee1535dc425cf20944be9ccdfda30f9d3ae4a28f81e2f0a5ef44f31c73e446
SERVER_HANDSHAKE_TRAFFIC_SECRET 9abd47ef65372e369fca97d4c5de7072681d9e8a20b211d0589f13a09c104499 531a459931ba1c91d32c0a78def3acc98e5f1f3f523820e9dd4ff8cd74846e75
CLIENT_TRAFFIC_SECRET_0 9abd47ef65372e369fca97d4c5de7072681d9e8a20b211d0589f13a09c104499 67201166b99d2eeeaa69ea34cf3e12080d4d4865b337c3a206b7dcbc9bbb4734
SERVER_TRAFFIC_SECRET_0 9abd47ef65372e369fca97d4c5de7072681d9e8a20b211d0589f13a09c104499 6d4a67520d76aedaac199a98488ba5ecad276c70c99c1a8518d4a4ab02c5c00f
EXPORTER_SECRET 9abd47ef65372e369fca97d4c5de7072681d9e8a20b211d0589f13a09c104499 f42e452d84267bcb3b85286ab4f8d9f5c5755c2d13484790cf218427fb3f48de
CLIENT_HANDSHAKE_TRAFFIC_SECRET 7f1f66b6f9065a5c4ebc938c3151d2d7fff9a98b076b26eee21730420fa33583 5f9140d870552054ef6ff2fc7046fc614246ccb9f1bc7b6fcee74feaaaa60c4e
SERVER_HANDSHAKE_TRAFFIC_SECRET 7f1f66b6f9065a5c4ebc938c3151d2d7fff9a98b076b26eee21730420fa33583 c6dc4ca89c5c4449d820d04d59aefe3971b24ac0fab3cbb4091ae7d37deae61e
CLIENT_TRAFFIC_SECRET_0 7f1f66b6f9065a5c4ebc938c3151d2d7fff9a98b076b26eee21730420fa33583 c7946d9bd26fd8f593f138615b6014423253e4c85863780fa2e9c601c6a38b7a
SERVER_TRAFFIC_SECRET_0 7f1f66b6f9065a5c4ebc938c3151d2d7fff9a98b076b26eee21730420fa33583 7c1c7859734c7626f5aaa40d9138ca19d7e71ea3051d8b4812f5eed2ca9d5391
EXPORTER_SECRET 7f1f66b6f9065a5c4ebc938c3151d2d7fff9a98b076b26eee21730420fa33583 65ad76abc5487a53c1371ed8f15ba41e94b38dde96cf3e381d63625c5469f68c
CLIENT_HANDSHAKE_TRAFFIC_SECRET 16cb9343a01816a7d7f612c849483d0c1ae1a14ff1f847b4bd6d014048de796d 1398dd997918cc87d024992101507bfa4bcab1424872f069a60b9a2295a87d21
SERVER_HANDSHAKE_TRAFFIC_SECRET 16cb9343a01816a7d7f612c849483d0c1ae1a14ff1f847b4bd6d014048de796d 0f01158c2f8eb927a40f45a57255f77d89d47361ef0b30cf85f404acffa8f9a9
CLIENT_HANDSHAKE_TRAFFIC_SECRET a1c0bbd032b3ff7c2da71a6969dd776918405dda8c37d097f33f4048f247d606 17dc7790afc755c78920f34e2ea50c84d8d7c9dcbb27b2d682d37a641babfaa4
SERVER_HANDSHAKE_TRAFFIC_SECRET a1c0bbd032b3ff7c2da71a6969dd776918405dda8c37d097f33f4048f247d606 c620ebb2a851f33846c7f373fdf10ef3cbc0e2bec1153c910cc9deb4d323d940
CLIENT_TRAFFIC_SECRET_0 16cb9343a01816a7d7f612c849483d0c1ae1a14ff1f847b4bd6d014048de796d 65a800ef59895f889f4ee2ef16b70ffc685beb7f68c304553004f77173d2a225
SERVER_TRAFFIC_SECRET_0 16cb9343a01816a7d7f612c849483d0c1ae1a14ff1f847b4bd6d014048de796d efcde0626eb4994e1636b2a8499630e61ef9c160523e5f092fa3906f0d069c44
EXPORTER_SECRET 16cb9343a01816a7d7f612c849483d0c1ae1a14ff1f847b4bd6d014048de796d 01c187583080b4cd57f5a30ad980dbc958238461d550a17b5aad0789baf21b05
CLIENT_HANDSHAKE_TRAFFIC_SECRET ef9c10fcc1635c39bcc23a8af8bcd4649fdeb2820a8e1858b117bd32b742961e 54c5bdb396a90360a53e764e1bd3d1067d3b326681e5a6b608da521696fca67a
SERVER_HANDSHAKE_TRAFFIC_SECRET ef9c10fcc1635c39bcc23a8af8bcd4649fdeb2820a8e1858b117bd32b742961e c3094d8d55b01c370519da3d21ed8cb7e98ca9e7856c425e8ba6e87f9bb137a5
CLIENT_TRAFFIC_SECRET_0 a1c0bbd032b3ff7c2da71a6969dd776918405dda8c37d097f33f4048f247d606 a0dd962eda8ec2e7deb6941982a79b2c905550ba3e67f545b160b46d8584e6f4
SERVER_TRAFFIC_SECRET_0 a1c0bbd032b3ff7c2da71a6969dd776918405dda8c37d097f33f4048f247d606 dded351be3681ded0c086c47dbe5cf740150149fa5ce6724df14f5ab042bd3a3
EXPORTER_SECRET a1c0bbd032b3ff7c2da71a6969dd776918405dda8c37d097f33f4048f247d606 d74e33c94a5c49589a1cdc54731cf4ae3e92379c0a1acaa8646cafa6d4b0107e
CLIENT_HANDSHAKE_TRAFFIC_SECRET b71e7c11fec6805ccf09d60a0115a69f00c9fc034939f8a9d3676678c643f8b9 4e1f9f649159092f56c695a7e4bd96096b6b86c439ded09ba5eab20b6968de47
SERVER_HANDSHAKE_TRAFFIC_SECRET b71e7c11fec6805ccf09d60a0115a69f00c9fc034939f8a9d3676678c643f8b9 4ae3d64130fc16ae90c742bd77cf21a5d03e1eb3d9cd8a5dd7d317aca49327ad
CLIENT_TRAFFIC_SECRET_0 b71e7c11fec6805ccf09d60a0115a69f00c9fc034939f8a9d3676678c643f8b9 acfb868f2b3f456ca9b6405b71902c1d23551ebb9a6deadcf0655c8cadc00cc6
SERVER_TRAFFIC_SECRET_0 b71e7c11fec6805ccf09d60a0115a69f00c9fc034939f8a9d3676678c643f8b9 b8293175afb3cca32148643a72e6feb9bb0fc5cc6525009272abc235e2170772
EXPORTER_SECRET b71e7c11fec6805ccf09d60a0115a69f00c9fc034939f8a9d3676678c643f8b9 d66b82f9e9c34f19e40e9fbf1391b87057767a05d70fa892f51b0431137aee26
CLIENT_HANDSHAKE_TRAFFIC_SECRET 1bb268b325519c3326176b41ccd216c9af4c62a079aa4ae279e9437faf45ccbb 2311a395555c915caa0f82eb8abcd3cf918d9ddfc164269fce9793516b549328
SERVER_HANDSHAKE_TRAFFIC_SECRET 1bb268b325519c3326176b41ccd216c9af4c62a079aa4ae279e9437faf45ccbb af1701990f9db51e962fcb475e4c32a050810a192fdc81cd1d0083bf8f261039
CLIENT_TRAFFIC_SECRET_0 1bb268b325519c3326176b41ccd216c9af4c62a079aa4ae279e9437faf45ccbb 2f32029519ffc3b0c5b4dfff9af3d4818d89abadd4bd294e5e55c4426ba02b95
SERVER_TRAFFIC_SECRET_0 1bb268b325519c3326176b41ccd216c9af4c62a079aa4ae279e9437faf45ccbb da13f3de45bc934d98a4d5f06f9c8567015667126fcffe9a43dad5570652807b
EXPORTER_SECRET 1bb268b325519c3326176b41ccd216c9af4c62a079aa4ae279e9437faf45ccbb 731d257ea7b9d9df29b3e7d3b2114a3d89b0bbd230b06dfe3b07c1c516cda5a7
CLIENT_TRAFFIC_SECRET_0 ef9c10fcc1635c39bcc23a8af8bcd4649fdeb2820a8e1858b117bd32b742961e 2e0de2e9081e3912dee8ba2b023ba847540beb71d87a0d2c386f9f27212d8a59
SERVER_TRAFFIC_SECRET_0 ef9c10fcc1635c39bcc23a8af8bcd4649fdeb2820a8e1858b117bd32b742961e b4820a744cec7d438c513073f4b94f9013174d37715f4d4877e5dda16320b225
EXPORTER_SECRET ef9c10fcc1635c39bcc23a8af8bcd4649fdeb2820a8e1858b117bd32b742961e a8c7a0c6c8c4ce10f113bd8ebfc2ad9752dae295973b048482cd000fd31fec47
CLIENT_HANDSHAKE_TRAFFIC_SECRET e3a2fef39345b328c59b383970c372c8a50e536cc636674a60e3a7776d7f41d9 855c67c2657b4e368ca0de616a63059d28fbc0f1c579610c6fba3e6e2c4ed8f2
SERVER_HANDSHAKE_TRAFFIC_SECRET e3a2fef39345b328c59b383970c372c8a50e536cc636674a60e3a7776d7f41d9 5611bffd698b2135a2df5f8c0b9db5b04d0ee6e3a14e012a7c6b0714029eca2a
CLIENT_TRAFFIC_SECRET_0 e3a2fef39345b328c59b383970c372c8a50e536cc636674a60e3a7776d7f41d9 3975b53bf195044f3489415f422b021b58c91dfd0136d9c5c2ac5096b78bc204
SERVER_TRAFFIC_SECRET_0 e3a2fef39345b328c59b383970c372c8a50e536cc636674a60e3a7776d7f41d9 0fce4cf8e7a31cc0be770664e42032dff1e9738449394584d9bccf1255de8677
EXPORTER_SECRET e3a2fef39345b328c59b383970c372c8a50e536cc636674a60e3a7776d7f41d9 7e28bf6a90a8d9ba6035168f2af368a866cffd9a5873953f97f84699b4f4b9ff
CLIENT_HANDSHAKE_TRAFFIC_SECRET 3fd3fad55b2596811c058df8149a9d467f0e882453b6ccd1ca7a09ebbecd05f1 48c7f4b6d0c95d9ea452da77fa15f05c4aa0d8a02c51d45017cb284e25383944
SERVER_HANDSHAKE_TRAFFIC_SECRET 3fd3fad55b2596811c058df8149a9d467f0e882453b6ccd1ca7a09ebbecd05f1 a9810ffbcb246fb4c4f52e53ef25a37735052d9e7971e9b2c41b1ee59b50d843
CLIENT_TRAFFIC_SECRET_0 3fd3fad55b2596811c058df8149a9d467f0e882453b6ccd1ca7a09ebbecd05f1 79648cca4046cd6804aedaa4a1936274e2c875cac5414477a115e5d24320e979
SERVER_TRAFFIC_SECRET_0 3fd3fad55b2596811c058df8149a9d467f0e882453b6ccd1ca7a09ebbecd05f1 b96afe472678a78f9d52c79cfe210ca049ac3f67eba67cec3bd6ddea9fb6b5fa
EXPORTER_SECRET 3fd3fad55b2596811c058df8149a9d467f0e882453b6ccd1ca7a09ebbecd05f1 6ec0222211859b67009fc381a0ddbeefd92f5acf8f63565737a495c7777f8d51
CLIENT_HANDSHAKE_TRAFFIC_SECRET bd874b1587f00e06e3f54d725ca7dd72b70fda2f5f5739fa975074bd16379064 6f7fa5fd2868098a6b4bfb4cd32c6397361003c15a4c110a6a76add8f67801f7
SERVER_HANDSHAKE_TRAFFIC_SECRET bd874b1587f00e06e3f54d725ca7dd72b70fda2f5f5739fa975074bd16379064 d75f9404dce0f6c761b8e320b53a285048d85bf66dc7da79f3ab7671358d6930
CLIENT_TRAFFIC_SECRET_0 bd874b1587f00e06e3f54d725ca7dd72b70fda2f5f5739fa975074bd16379064 a7bc9923ca2be66ae4b5c9e966a0fa8898a1337ee2d735cf13140c7bb327401e
SERVER_TRAFFIC_SECRET_0 bd874b1587f00e06e3f54d725ca7dd72b70fda2f5f5739fa975074bd16379064 8ea0d5decbb454f8263a9879d00cfc18e9dfa7854f9b9a3d5f2f5a4aa0109663
EXPORTER_SECRET bd874b1587f00e06e3f54d725ca7dd72b70fda2f5f5739fa975074bd16379064 6d342298a1157700bfac24ee1a712a87a8c04dc35e94eaecfbb217281d61bbfe
CLIENT_HANDSHAKE_TRAFFIC_SECRET afd69032bbe3090713f5dd41c8bac0fe22b9ea99ac1938ddad3b862d4b3c7134 40394115c5ad198d70970e78e4563b696b24dfe55372b84d23ea18b2b89a04e5
SERVER_HANDSHAKE_TRAFFIC_SECRET afd69032bbe3090713f5dd41c8bac0fe22b9ea99ac1938ddad3b862d4b3c7134 43e4b30ce477cc00f1632719b65682f77fbbe2621c6de8ea45b4c0fa8cb09da8
CLIENT_TRAFFIC_SECRET_0 afd69032bbe3090713f5dd41c8bac0fe22b9ea99ac1938ddad3b862d4b3c7134 f83e4ff247dc315d1c656f0997c23f2ffd6418ee41a0842ebe9d72ed9414f6da
SERVER_TRAFFIC_SECRET_0 afd69032bbe3090713f5dd41c8bac0fe22b9ea99ac1938ddad3b862d4b3c7134 b45149a98c27324b21e8c4086a40e25ea184ac4798b13ecb8c39dc83600d3f5b
EXPORTER_SECRET afd69032bbe3090713f5dd41c8bac0fe22b9ea99ac1938ddad3b862d4b3c7134 5ad5d2ee2fe8b0f3f1f9d9838018aedd5c39bf6b8c64ef9494824f840809e11d
CLIENT_HANDSHAKE_TRAFFIC_SECRET 2f18d0ec9b0023b39ec421033903e83edf805f1005173ab7765edd97cbe80d73 c9323ff5d93b32bce5bf8c74fb71b7f267181afab4fec26a394ae5bf96e79e29
SERVER_HANDSHAKE_TRAFFIC_SECRET 2f18d0ec9b0023b39ec421033903e83edf805f1005173ab7765edd97cbe80d73 e7f50eaf84a1a969ba6f31ea0ed00eff13c42db73b514f6a92f894a5e96c9931
CLIENT_TRAFFIC_SECRET_0 2f18d0ec9b0023b39ec421033903e83edf805f1005173ab7765edd97cbe80d73 016d6fd8f6b1c5365ddc298d1a2f90e335baf2aaf18ee5043440f5ede9515ca5
SERVER_TRAFFIC_SECRET_0 2f18d0ec9b0023b39ec421033903e83edf805f1005173ab7765edd97cbe80d73 14319a1ed2ea2fedd68407d17a058b687a74dd7af5920470be9efcd95ec8d38e
EXPORTER_SECRET 2f18d0ec9b0023b39ec421033903e83edf805f1005173ab7765edd97cbe80d73 4a4ea6015d22b2009fdd2d488479b9a6bf65f39b1526352b23fdd3f9de22418d
CLIENT_HANDSHAKE_TRAFFIC_SECRET 253afdf81cf70cc74b69be63c9a5d2a92eda1524f722463cd5c27320b37ec6e6 01201a113a17e0cc9895687daaf43a3c136cc644b286ce7a2836426b54c8319e02e3edd55393bb7c51843f5dc1544635
SERVER_HANDSHAKE_TRAFFIC_SECRET 253afdf81cf70cc74b69be63c9a5d2a92eda1524f722463cd5c27320b37ec6e6 983cb952997555ed705f66009407ed2eee65144f675cf5905d02c3044cdaf165632e9880fecd1254cb5446246309a7e4
CLIENT_TRAFFIC_SECRET_0 253afdf81cf70cc74b69be63c9a5d2a92eda1524f722463cd5c27320b37ec6e6 0d2c7bfc9062c92e6d090d83d1e2ea13f242a5500f3c8ad3395dcf3dcd086c8294723c524434bb4abc1e6c2ea89ff3d8
SERVER_TRAFFIC_SECRET_0 253afdf81cf70cc74b69be63c9a5d2a92eda1524f722463cd5c27320b37ec6e6 ec71a0a0f33266bcd45eb07ead7ad82aea316829ad7eab195378a3cc4eafa7252bc9156cecdbcd2974658e5ea987d0b8
EXPORTER_SECRET 253afdf81cf70cc74b69be63c9a5d2a92eda1524f722463cd5c27320b37ec6e6 7de598dc61e4875e733695b56f2e7efe9f391cb9644b344d330bf5242291b0b210b53037ad67502a792c25a3059e948c
CLIENT_HANDSHAKE_TRAFFIC_SECRET 67367d236278ae506ed3e85e1ff12223b07ce40c1d3834dcd6dfdc0adc3094a9 c0994e193bac975a0cd16b8ea85c3ba1352eeddb2b0497579eedc24fdb8869ae
SERVER_HANDSHAKE_TRAFFIC_SECRET 67367d236278ae506ed3e85e1ff12223b07ce40c1d3834dcd6dfdc0adc3094a9 5afec427b7344a20d79473856c90da75d57e67de441bc1e7971c288ca6f5ed94
CLIENT_HANDSHAKE_TRAFFIC_SECRET ac9fd8380dd8b2f714e29eb2641b955266eb871c6c54e695673739fa62f6fd47 4eec092c032968f2d71eb54e042bb8920276cb4bb4727bcaa10561d84108b682
SERVER_HANDSHAKE_TRAFFIC_SECRET ac9fd8380dd8b2f714e29eb2641b955266eb871c6c54e695673739fa62f6fd47 6ee8ad9214580bfb0631ea7e20b849ef2078d7f6bba80eb7de51309de509033d
CLIENT_HANDSHAKE_TRAFFIC_SECRET 5eb36897d0fa815f4d2bab6e01fc4c3edf5d689f5c0a1864b66f4f9df3ed90ce d4b5163b2e6f3a4f7bf05cecd8e4d730046e2af288da589ace2661f0a2c91780
SERVER_HANDSHAKE_TRAFFIC_SECRET 5eb36897d0fa815f4d2bab6e01fc4c3edf5d689f5c0a1864b66f4f9df3ed90ce 2b701441cb32b875fed06c1feb59f75a0a1f720be1f6929594cccb1aaa1095c7
CLIENT_TRAFFIC_SECRET_0 5eb36897d0fa815f4d2bab6e01fc4c3edf5d689f5c0a1864b66f4f9df3ed90ce 23fa7222d2ce9b75876fe91db5303b1246874e809cb1a5cf9bb92999972185c4
SERVER_TRAFFIC_SECRET_0 5eb36897d0fa815f4d2bab6e01fc4c3edf5d689f5c0a1864b66f4f9df3ed90ce e5766e696f9dde38a4d6a08094dde665b8e1468c481a1fa50e6c92926f1fd460
EXPORTER_SECRET 5eb36897d0fa815f4d2bab6e01fc4c3edf5d689f5c0a1864b66f4f9df3ed90ce ee04e60830924daf787f858ef5b5921afb13e64ac186e2967c49b768e3ce2af3
CLIENT_HANDSHAKE_TRAFFIC_SECRET 52b6ff3d68d0fd346ed96c970043b405887d5a79badf380485b75f57c52ac8a3 22323fb7c7292cb035c987341de6e4645f32bbde9d43135dccb1ede4a9462622
SERVER_HANDSHAKE_TRAFFIC_SECRET 52b6ff3d68d0fd346ed96c970043b405887d5a79badf380485b75f57c52ac8a3 5bf80272d6ab72df052a9947ff25241d42655371b3ac0b30ca0e9959857d3144
CLIENT_TRAFFIC_SECRET_0 ac9fd8380dd8b2f714e29eb2641b955266eb871c6c54e695673739fa62f6fd47 856c0c3fec9d56455ca3c1a0042113daa6d16945cd3b955584369865d4a7ad75
SERVER_TRAFFIC_SECRET_0 ac9fd8380dd8b2f714e29eb2641b955266eb871c6c54e695673739fa62f6fd47 632ba0cc0598e45f677979d9d614382145208ee5cdda9e8329000930a4145026
EXPORTER_SECRET ac9fd8380dd8b2f714e29eb2641b955266eb871c6c54e695673739fa62f6fd47 a1312cde0b5e0973da680b00aa670b798bd3233b2f732c3fa1ac115fc218d11b
CLIENT_TRAFFIC_SECRET_0 52b6ff3d68d0fd346ed96c970043b405887d5a79badf380485b75f57c52ac8a3 39bcfed65b95999531ae35df88fb7878a1f83ac24d771bf6d6e85f18a08046d6
SERVER_TRAFFIC_SECRET_0 52b6ff3d68d0fd346ed96c970043b405887d5a79badf380485b75f57c52ac8a3 57228ea5637733f336277f7d6d59f40970cf21f5f5eae9f7dd2f6dd56f28559d
EXPORTER_SECRET 52b6ff3d68d0fd346ed96c970043b405887d5a79badf380485b75f57c52ac8a3 480a72f2170099e648c6c3c895d8a191640645f133e120547c3b11f9fe51d5a9
CLIENT_TRAFFIC_SECRET_0 67367d236278ae506ed3e85e1ff12223b07ce40c1d3834dcd6dfdc0adc3094a9 5d3dd7d45813b89d90560e86f525d46d90bce8ccd1dd4704f60954132ebfd864
SERVER_TRAFFIC_SECRET_0 67367d236278ae506ed3e85e1ff12223b07ce40c1d3834dcd6dfdc0adc3094a9 d60fbffdb61f76c34f294ed096bbb1eba28546123f3472ce88616034ea5d20a4
EXPORTER_SECRET 67367d236278ae506ed3e85e1ff12223b07ce40c1d3834dcd6dfdc0adc3094a9 18089d16181a64c7d215fbf11e62bcb5801099b44a2880352a7cb3de9f58f014
CLIENT_HANDSHAKE_TRAFFIC_SECRET baecf9d79345bf22ad9ebec429d780962005de7b0277e7c58bece5f3ae6020d4 f332730b5ae059ef368cbfd39f03609f8d047052ee5fde6c6ae2ba1e7139dd0b
SERVER_HANDSHAKE_TRAFFIC_SECRET baecf9d79345bf22ad9ebec429d780962005de7b0277e7c58bece5f3ae6020d4 5896bbd061e650502eb71dfa1f9d9f77403f2f1df7972aab66d235aa312a2108
CLIENT_TRAFFIC_SECRET_0 baecf9d79345bf22ad9ebec429d780962005de7b0277e7c58bece5f3ae6020d4 887bb90b7e7e92b0d7648e01bf3cebe8d96fe798d00ac3aa2524a72c45dc5be7
SERVER_TRAFFIC_SECRET_0 baecf9d79345bf22ad9ebec429d780962005de7b0277e7c58bece5f3ae6020d4 e4446cf79a35ead9e8b526755578d2230e64b506b272aa8ff5f2aa992e013926
EXPORTER_SECRET baecf9d79345bf22ad9ebec429d780962005de7b0277e7c58bece5f3ae6020d4 2b47a11ced7a53daf300e9d7c9392865b6a958ad20b42876977802f4b7e8155a
CLIENT_HANDSHAKE_TRAFFIC_SECRET c44671f7b3636eac442f8685385d079dccfc567f92479320d516095db55ba7d7 606c6e28b63a2113af786a6d1c5bfbc69654cbbf051d48ecd5dd9efe035fb6d5
SERVER_HANDSHAKE_TRAFFIC_SECRET c44671f7b3636eac442f8685385d079dccfc567f92479320d516095db55ba7d7 045fe82f0f5ab0a4c3191d73c0133ace0e8b402943094fbbbe25c86320ae17ea
CLIENT_TRAFFIC_SECRET_0 c44671f7b3636eac442f8685385d079dccfc567f92479320d516095db55ba7d7 1249e367edde8c5dcb0e1ccedcd1e5c598047b735a800b11f6c6ba905f03ceb5
SERVER_TRAFFIC_SECRET_0 c44671f7b3636eac442f8685385d079dccfc567f92479320d516095db55ba7d7 e19fbf423b202e348cffe47eee5f023e371fa5bcc1fa2e2dc6ea373a38ac3574
EXPORTER_SECRET c44671f7b3636eac442f8685385d079dccfc567f92479320d516095db55ba7d7 9f1f63b39ae291833a71623ed59872f5e00afc9a13f7e687c183ddfccdbb07fc
CLIENT_HANDSHAKE_TRAFFIC_SECRET 54f5aa3f3b112a2a89c9c1e85914302caaf4609a86e8dba3e54e22b041096fd0 e2ba87e2fb271583809c37fa2f68954e092ce768ab4b8dbea7d7a40d2384328e
SERVER_HANDSHAKE_TRAFFIC_SECRET 54f5aa3f3b112a2a89c9c1e85914302caaf4609a86e8dba3e54e22b041096fd0 58d94c57b6c75466753c3f0bb99353662e057abb69881a8e97717d3c3dcf3f35
CLIENT_TRAFFIC_SECRET_0 54f5aa3f3b112a2a89c9c1e85914302caaf4609a86e8dba3e54e22b041096fd0 046348be64c98f557f32cda5e31f5ac441e5077cc718a63fbdfedbac3450762f
SERVER_TRAFFIC_SECRET_0 54f5aa3f3b112a2a89c9c1e85914302caaf4609a86e8dba3e54e22b041096fd0 60f90665d5dabbe8466e97acec9d763fc56402c59547573f5953cf4bef710d4c
EXPORTER_SECRET 54f5aa3f3b112a2a89c9c1e85914302caaf4609a86e8dba3e54e22b041096fd0 5c17d304f86773585bcad957a27ebe1fda2dc93292942aae8982a0dfb653c0f9
CLIENT_HANDSHAKE_TRAFFIC_SECRET b9a1534b9d62204eb84fedaade22ecec7431cd12e3d8c4f8814c4b7298b86457 7bc80aad7e7fafdebd8c6874111f29ad703a0bbb96e7767b3cf54707aefdaa12
SERVER_HANDSHAKE_TRAFFIC_SECRET b9a1534b9d62204eb84fedaade22ecec7431cd12e3d8c4f8814c4b7298b86457 b4511012c7559da7a7a3400a5c1e5358ed3c0023378137abbdd9c373f8f3a092
CLIENT_TRAFFIC_SECRET_0 b9a1534b9d62204eb84fedaade22ecec7431cd12e3d8c4f8814c4b7298b86457 ce06bb5a94fd956af4b726592e70148642a4c69c3d0f2e721ed9858cc0f52f62
SERVER_TRAFFIC_SECRET_0 b9a1534b9d62204eb84fedaade22ecec7431cd12e3d8c4f8814c4b7298b86457 35824e32fc6bcb99b627641f28f07aa4d279cbaac49554f63540fa8119a8f421
EXPORTER_SECRET b9a1534b9d62204eb84fedaade22ecec7431cd12e3d8c4f8814c4b7298b86457 9c9b6600cae9c9898e132f8278b33b98a70660f0a75a4b77f38fbd58153d3e93
CLIENT_HANDSHAKE_TRAFFIC_SECRET 95b4851320d75d68dfcc8bc0131cde6a5a3533d19ef90f2aaf86bf520b25aacd cb81682ba9bc85346c1d2b2e4ded9665107051fcc955c6c98b1bbbc0018d24f0
SERVER_HANDSHAKE_TRAFFIC_SECRET 95b4851320d75d68dfcc8bc0131cde6a5a3533d19ef90f2aaf86bf520b25aacd 116394ebf74bb7d9e676cf744b7c0ddaf0ee7a3d3c53904654f9dece8fd9c59a
CLIENT_TRAFFIC_SECRET_0 95b4851320d75d68dfcc8bc0131cde6a5a3533d19ef90f2aaf86bf520b25aacd 7c779b9b5d802a610e6ed5d24759ab446f0812da6c6d3d3b5b813f61c2a64c53
SERVER_TRAFFIC_SECRET_0 95b4851320d75d68dfcc8bc0131cde6a5a3533d19ef90f2aaf86bf520b25aacd b2ddaf42efe4cf29bd3c3b76f291919d9b64932c660273da95207d404015cdff
EXPORTER_SECRET 95b4851320d75d68dfcc8bc0131cde6a5a3533d19ef90f2aaf86bf520b25aacd 4941d428bdfa49297f7b2805137c3bc9d2badeebcac6555ad01bc630352e94be
CLIENT_HANDSHAKE_TRAFFIC_SECRET 75c1af930d47d2c513db7c66c278154877a0b54fefbc12477fcd4864f1636f7e bdfd440d2a6b1d6a3b52203ffccbef20696a2a57c35e1c44bf46d82993d4919d
SERVER_HANDSHAKE_TRAFFIC_SECRET 75c1af930d47d2c513db7c66c278154877a0b54fefbc12477fcd4864f1636f7e 822e49cd7426aa5801b32c70fdb59539a0408694a1b6b6a0a5ca31dff1aca4b9
CLIENT_HANDSHAKE_TRAFFIC_SECRET 9fd545f56d94d8a12e1a53f10b753710b93dd3396fe8a10c110a7a8a3aaed0ef 203862b8571b0f6b91a351b25faf43559f2e090c3428b85632e1e65adf491c82
SERVER_HANDSHAKE_TRAFFIC_SECRET 9fd545f56d94d8a12e1a53f10b753710b93dd3396fe8a10c110a7a8a3aaed0ef 96a5a97460c7610b823799f0570a076b735ca6f2bc00f5b5f18fe1cfe3ac5a52
CLIENT_TRAFFIC_SECRET_0 9fd545f56d94d8a12e1a53f10b753710b93dd3396fe8a10c110a7a8a3aaed0ef a6708236ce24e9922dcffece81a556a1710431a8f6ac9c594f2346cea24d2e11
SERVER_TRAFFIC_SECRET_0 9fd545f56d94d8a12e1a53f10b753710b93dd3396fe8a10c110a7a8a3aaed0ef 9a18f5063d86ad773e65a60602aa69be662f06ff47e667805e6576a4b89b0791
EXPORTER_SECRET 9fd545f56d94d8a12e1a53f10b753710b93dd3396fe8a10c110a7a8a3aaed0ef 3ffd742c96ec3b685fd9f3ad815752b8e04409a2d7ac62b6d454a29455f9ed83
CLIENT_TRAFFIC_SECRET_0 75c1af930d47d2c513db7c66c278154877a0b54fefbc12477fcd4864f1636f7e 6d7ff2d7fbb8bd920ad4f8b401e91c852f6111fa30857177e081c065b067de0a
SERVER_TRAFFIC_SECRET_0 75c1af930d47d2c513db7c66c278154877a0b54fefbc12477fcd4864f1636f7e 268193b511c8467af0b627bf987045cb931b7f2db7fd967dcdd64af9560ebd08
EXPORTER_SECRET 75c1af930d47d2c513db7c66c278154877a0b54fefbc12477fcd4864f1636f7e 88d3e0e4d7645ae7a656783fafd100dd2809ca89bd034ee41db7b9805f7c91d5
CLIENT_HANDSHAKE_TRAFFIC_SECRET 96220c072eb86fbb65226c0ff11aa68d30562b71f80f7f74718d11596ecc747c d412a536bc4ca7407c58cf4a486c8081babd340d5cb755c1a056918b06fb8b29
SERVER_HANDSHAKE_TRAFFIC_SECRET 96220c072eb86fbb65226c0ff11aa68d30562b71f80f7f74718d11596ecc747c 432515b1dffccaf77de3b57e103802b3c9732084a916b45bc0b0d1005faffcdc
CLIENT_EARLY_TRAFFIC_SECRET 3efc724e666c421e7b960ad09ca4f382fdea3751f00f82af5b7c09f18f047fd2 17155e7a327b15aec8149bf20018edb7a56f63d02f219c5317028652fb3ddfb2
CLIENT_TRAFFIC_SECRET_0 96220c072eb86fbb65226c0ff11aa68d30562b71f80f7f74718d11596ecc747c a6fcdae8f6316ca25bfc11e7d982da4162be96bc79fa706dae5a2a4fb360bf2e
SERVER_TRAFFIC_SECRET_0 96220c072eb86fbb65226c0ff11aa68d30562b71f80f7f74718d11596ecc747c bb40176f811dd03c7a94d55d8e273e3ca353e5018d57b2acd30b164167fefc4a
EXPORTER_SECRET 96220c072eb86fbb65226c0ff11aa68d30562b71f80f7f74718d11596ecc747c a9cf08bcd8c9f57d3cbc2c5f9d274a36d7e974911a3e30332fee3a3b7b3202b2
CLIENT_HANDSHAKE_TRAFFIC_SECRET db451b70d777c876dbd70f329d347bfa15f6a6448e4b1e95c6a4b6beb0d88e78 450971a8798b930eb0c01a55272a096fc16fc84fec174c93b6d6985c0338e3dd
SERVER_HANDSHAKE_TRAFFIC_SECRET db451b70d777c876dbd70f329d347bfa15f6a6448e4b1e95c6a4b6beb0d88e78 f0ee33b6805222159bc89dff77dd83e1e7e29c49a924281b5c58707fddb148c7
CLIENT_TRAFFIC_SECRET_0 db451b70d777c876dbd70f329d347bfa15f6a6448e4b1e95c6a4b6beb0d88e78 296eeeb4613e77e14a9fe1ee2c903f4da85961f3a950b1575ba53991a379c378
SERVER_TRAFFIC_SECRET_0 db451b70d777c876dbd70f329d347bfa15f6a6448e4b1e95c6a4b6beb0d88e78 5a081a174e9e96b920a6beeb655cbccecd2332e06d5870b6bc0c47bc4fe6fb8b
EXPORTER_SECRET db451b70d777c876dbd70f329d347bfa15f6a6448e4b1e95c6a4b6beb0d88e78 6e8c9a322564ce6c44a73a5a04f0be0805fc2a47433830b614c23e56c0dd0971
CLIENT_HANDSHAKE_TRAFFIC_SECRET 3efc724e666c421e7b960ad09ca4f382fdea3751f00f82af5b7c09f18f047fd2 2c70a1b9d5b55cf19053ba901f8074100622b3deb4340a0ac7e1a4072ce59243
SERVER_HANDSHAKE_TRAFFIC_SECRET 3efc724e666c421e7b960ad09ca4f382fdea3751f00f82af5b7c09f18f047fd2 e5aa63a3b5c828bb2a74e0dccd1f15aa6ce501b361fd1576978731d5a78c2cb9
CLIENT_TRAFFIC_SECRET_0 3efc724e666c421e7b960ad09ca4f382fdea3751f00f82af5b7c09f18f047fd2 4f9a85fa8b1df9c1b7f9e970aa1bd77c9292128d450c0de29a534a14b79b2f59
SERVER_TRAFFIC_SECRET_0 3efc724e666c421e7b960ad09ca4f382fdea3751f00f82af5b7c09f18f047fd2 2c98d75034f4dfffe1333125ab393a308c5d38abdcf773af2fccb70b41a4283a
EXPORTER_SECRET 3efc724e666c421e7b960ad09ca4f382fdea3751f00f82af5b7c09f18f047fd2 8c082da93b94de0b8b6bd20bfecef2c91501e67434f6d14df89faf5e5c71a40d
CLIENT_HANDSHAKE_TRAFFIC_SECRET 171fb768ee74404008fad0d49bc2c41f8d0346d4aecf8aa1111abfd772053fed 0145f97041bacb1adbda4b35dba3eb110cf170b5d9f4924537b15efce7b009c6
SERVER_HANDSHAKE_TRAFFIC_SECRET 171fb768ee74404008fad0d49bc2c41f8d0346d4aecf8aa1111abfd772053fed c0f02cf28c270a6c4d093ed17770775be0cbf021f195702ecc0653676b82815f
CLIENT_TRAFFIC_SECRET_0 171fb768ee74404008fad0d49bc2c41f8d0346d4aecf8aa1111abfd772053fed 420aeaabc78cb958515600f7323010fbecdc77023be35a6f100a8761f4c6c1b4
SERVER_TRAFFIC_SECRET_0 171fb768ee74404008fad0d49bc2c41f8d0346d4aecf8aa1111abfd772053fed 6e57ea31bb90b09dd9f3f701cc5dfa2d02fb7086cf833fcd0cd5a064bca20f70
EXPORTER_SECRET 171fb768ee74404008fad0d49bc2c41f8d0346d4aecf8aa1111abfd772053fed 98c69b537ed3adaf7692b8c800d45b233bc7a3a701503dd3c34f250ca14a2553
CLIENT_HANDSHAKE_TRAFFIC_SECRET ea716649e83e0db4dc0f3039c8fd7385a0a90b55aa794554360d06f2efb8ffdc dc745dfcde31ab8272a80522b2698db821c49272158285e23bd102d12a7ce719
SERVER_HANDSHAKE_TRAFFIC_SECRET ea716649e83e0db4dc0f3039c8fd7385a0a90b55aa794554360d06f2efb8ffdc 415700c271210ff89c503a9a5e10f64e73eb9480fc4b027f606180090fb59c99
CLIENT_HANDSHAKE_TRAFFIC_SECRET d8d41fa50af05305e8a11cd15893d32e8f3aa27f6028f0984c54e2703b87f7b6 8fdeae0c68c3e369f4258de37599f1449b980a5be452cd4787fd2cae8279601e
SERVER_HANDSHAKE_TRAFFIC_SECRET d8d41fa50af05305e8a11cd15893d32e8f3aa27f6028f0984c54e2703b87f7b6 422a84d089933a440004a077f0f3a1a55115e635a12ac31e1c7ae10181bf9789
CLIENT_TRAFFIC_SECRET_0 d8d41fa50af05305e8a11cd15893d32e8f3aa27f6028f0984c54e2703b87f7b6 5cc400210fa63303d4f8410829bc3af725918e254923d1356a8b8601035846ef
SERVER_TRAFFIC_SECRET_0 d8d41fa50af05305e8a11cd15893d32e8f3aa27f6028f0984c54e2703b87f7b6 2c14cfce7fb822ae0841671eeac7dc426f1351ba38adc2767bf227ad878fa58b
EXPORTER_SECRET d8d41fa50af05305e8a11cd15893d32e8f3aa27f6028f0984c54e2703b87f7b6 054ce9e2f684d108333dc1839021fec8cd5d84f66e441020cb4bec7ffe6562dd
CLIENT_TRAFFIC_SECRET_0 ea716649e83e0db4dc0f3039c8fd7385a0a90b55aa794554360d06f2efb8ffdc 52e4146878834cccfe080a28b07bf598d00dc32d367282caaa0e83d1ceafe89f
SERVER_TRAFFIC_SECRET_0 ea716649e83e0db4dc0f3039c8fd7385a0a90b55aa794554360d06f2efb8ffdc 98ca1b56c0dcf8a89ee667cd4855ed7f18aded95e9d9acf9ba475f273585a086
EXPORTER_SECRET ea716649e83e0db4dc0f3039c8fd7385a0a90b55aa794554360d06f2efb8ffdc 5a3d3590c9f1928e6586e789d0619ab1d9f9d5c18763faf78c4d117e35bb38c8
CLIENT_HANDSHAKE_TRAFFIC_SECRET 52445e3d132a656f452d2da0c644150a30a3d0ccb7bc036dc346eafd4069fa8b 7a72b75b6c1f05fd2f4085cd655d50f7f5ed25901f09433f8427e22064faf946
SERVER_HANDSHAKE_TRAFFIC_SECRET 52445e3d132a656f452d2da0c644150a30a3d0ccb7bc036dc346eafd4069fa8b df1028d57d80fe12d4b6a9b85a5ed60f54cc70a95130173b6b8a39c02c1090ea
CLIENT_TRAFFIC_SECRET_0 52445e3d132a656f452d2da0c644150a30a3d0ccb7bc036dc346eafd4069fa8b 867e7cb40c72a713b9ca453ae663d41b90619dac431bfa67b01a40c1f35ba5c7
SERVER_TRAFFIC_SECRET_0 52445e3d132a656f452d2da0c644150a30a3d0ccb7bc036dc346eafd4069fa8b 7cac6a79ef87dfa4cf0ee37a039316e9a2a400a848f4afc711c6d692df4cad2a
EXPORTER_SECRET 52445e3d132a656f452d2da0c644150a30a3d0ccb7bc036dc346eafd4069fa8b 7e344686541b989c046a2e7cd2e4fe68b5a45097156f1c85b79f1e9203d0063b
CLIENT_HANDSHAKE_TRAFFIC_SECRET e0a9d1e06520c533c2ab51e4956e170509d31bb1c9366e8b47aab431f15f8d1f e4042bdfa6b0cad67608a06525d83f392f89b12f81b8bb8be456a8704456f263
SERVER_HANDSHAKE_TRAFFIC_SECRET e0a9d1e06520c533c2ab51e4956e170509d31bb1c9366e8b47aab431f15f8d1f c562100c0564e99c3f29d44b5da0677cd56d3cc01298e7cb66328df16fe544bd
CLIENT_TRAFFIC_SECRET_0 e0a9d1e06520c533c2ab51e4956e170509d31bb1c9366e8b47aab431f15f8d1f ae8a762965510c3db61550c5695e3f43db1e378a1f8b10ea047f1ece82412886
SERVER_TRAFFIC_SECRET_0 e0a9d1e06520c533c2ab51e4956e170509d31bb1c9366e8b47aab431f15f8d1f 21fadc9b51d826adf8bb69069a4339986b410c0042595421afbb5aae78230293
EXPORTER_SECRET e0a9d1e06520c533c2ab51e4956e170509d31bb1c9366e8b47aab431f15f8d1f 594f63b32a83f894ffc8c88823b70f2233b0e530dddcb8ae49609452483ee891
CLIENT_HANDSHAKE_TRAFFIC_SECRET fd3ebaff17ec38c0c2499645deb6c3dc99bad4964c3c04058d536dabdd8a75e6 adcd92368e87fe814d152b5c4b5901ebf737c4da4e1ae3a3dc24fefd4399c59f
SERVER_HANDSHAKE_TRAFFIC_SECRET fd3ebaff17ec38c0c2499645deb6c3dc99bad4964c3c04058d536dabdd8a75e6 d5dcd1c5eed9723647cf0e5d4cf3175d773f7e6720d5f6df1aee6846d0cea2fe
CLIENT_TRAFFIC_SECRET_0 fd3ebaff17ec38c0c2499645deb6c3dc99bad4964c3c04058d536dabdd8a75e6 cabadade3919d8968ef32a4b25b04547c83e191605c20732a6568ac83a83d1c1
SERVER_TRAFFIC_SECRET_0 fd3ebaff17ec38c0c2499645deb6c3dc99bad4964c3c04058d536dabdd8a75e6 6fc40d583b1404c3ba78a66587fcf8294db3cd725f115051fdcca5c3733ebf23
EXPORTER_SECRET fd3ebaff17ec38c0c2499645deb6c3dc99bad4964c3c04058d536dabdd8a75e6 88939efff8a80c7c1da2051662bf520cfa90824c7645aeebe972ff318393a96b
CLIENT_HANDSHAKE_TRAFFIC_SECRET 31df0d674db95e782e85e953ee953909e676f65db70f8731226a84ce89269c58 307558717cce54e6fdfbd619d520cc2f848a484ed143ccad16a11c977eead5d4
SERVER_HANDSHAKE_TRAFFIC_SECRET 31df0d674db95e782e85e953ee953909e676f65db70f8731226a84ce89269c58 26f852e8cfe309f63ec6442398dca8386d65095c21cab2311df290081b02ebda
CLIENT_HANDSHAKE_TRAFFIC_SECRET 7e86c6ae14e3b6338fe9c38150566fd09474602e8eb25d6d51d3a0ec73d50d50 c4bba1bb49979da7d9e13b0623fcf148710bf848fef6d8953a0ee2a2056a9d56
SERVER_HANDSHAKE_TRAFFIC_SECRET 7e86c6ae14e3b6338fe9c38150566fd09474602e8eb25d6d51d3a0ec73d50d50 6fedabb52288bf1a73d7ff09d2df6ebc4b1f85997b11b994033e261b97086196
CLIENT_TRAFFIC_SECRET_0 7e86c6ae14e3b6338fe9c38150566fd09474602e8eb25d6d51d3a0ec73d50d50 de1316f9df3ecedc99a4cbd10b0b6f89d0c06a1510549660cae20788306c6e97
SERVER_TRAFFIC_SECRET_0 7e86c6ae14e3b6338fe9c38150566fd09474602e8eb25d6d51d3a0ec73d50d50 9405d1df5d99067e1000739a9f4cf5f83ac83333977055d9533509311324d4b2
EXPORTER_SECRET 7e86c6ae14e3b6338fe9c38150566fd09474602e8eb25d6d51d3a0ec73d50d50 4a9428ff73f4a59b3ca836450c9248e82f5d66b73ab05a26b1334857300300a3
CLIENT_TRAFFIC_SECRET_0 31df0d674db95e782e85e953ee953909e676f65db70f8731226a84ce89269c58 b250396342383e240bef722974ae700f9de76614336beeb87c1cc2208efa7285
SERVER_TRAFFIC_SECRET_0 31df0d674db95e782e85e953ee953909e676f65db70f8731226a84ce89269c58 aa8a8cc80542523a3168c8ed786f449608f479b300d722a89239ee56837f762c
EXPORTER_SECRET 31df0d674db95e782e85e953ee953909e676f65db70f8731226a84ce89269c58 27dd74b8bb15cb62c0e19940108e2dacc370e9f7e11858b206880ea41af78dda
CLIENT_HANDSHAKE_TRAFFIC_SECRET 09dc5f5596317f658420ee1cf78e385fa69a118c2ea0fc96a7cd2d4f20caf5f3 7d60eb631c1d5475d39801b8d1d398a6d3f8533ca5150f18c4192741445235c8
SERVER_HANDSHAKE_TRAFFIC_SECRET 09dc5f5596317f658420ee1cf78e385fa69a118c2ea0fc96a7cd2d4f20caf5f3 c08095152b0192498efe3808249af495a5a25ee648f06bcaef3b6161d7cbd827
CLIENT_HANDSHAKE_TRAFFIC_SECRET 2f3633d0b12ff4e4d990ee9da7664bfb06c30126f018cfd248a7e7a0914f9589 a20baa70336414f7717e38f9b57c39f01f32599b2ce43625b1777869bbf027f8
SERVER_HANDSHAKE_TRAFFIC_SECRET 2f3633d0b12ff4e4d990ee9da7664bfb06c30126f018cfd248a7e7a0914f9589 79cd392c507e30e8bf98030d53e5ef5d3454979c1611a20cf9c5959a9debc423
CLIENT_TRAFFIC_SECRET_0 2f3633d0b12ff4e4d990ee9da7664bfb06c30126f018cfd248a7e7a0914f9589 3ec640676b18cfdba05595b48b287344b77a1e40b3bc12dfb6b4f0662abb4613
SERVER_TRAFFIC_SECRET_0 2f3633d0b12ff4e4d990ee9da7664bfb06c30126f018cfd248a7e7a0914f9589 312ad2a42e8b6d3eb25b88c9dabba18f7e18c28313dd6c0f365865cadc10dfc8
EXPORTER_SECRET 2f3633d0b12ff4e4d990ee9da7664bfb06c30126f018cfd248a7e7a0914f9589 83d735a5be39b2610d74bf06565e5ed6a2aec3f69261a2905e7b024569f7a6b6
CLIENT_TRAFFIC_SECRET_0 09dc5f5596317f658420ee1cf78e385fa69a118c2ea0fc96a7cd2d4f20caf5f3 a02376891b4beb8ecc404abf805c7aa62420473c4f65bf21fdf32baafc5224ec
SERVER_TRAFFIC_SECRET_0 09dc5f5596317f658420ee1cf78e385fa69a118c2ea0fc96a7cd2d4f20caf5f3 ef349c518b3b96e47d4c585088e370c43caaee7e451baa818ba055068777d372
EXPORTER_SECRET 09dc5f5596317f658420ee1cf78e385fa69a118c2ea0fc96a7cd2d4f20caf5f3 21bf4de7af17ceef21a4c93a307303373f380799cc29f8b2bcc96dccecf5af57
CLIENT_HANDSHAKE_TRAFFIC_SECRET c9980f54db9614a7c1bef1791bcd113326c3373489d63450130e3d6eea823890 624e2debfcfa5e0a00e4aadbda15be89041ef70a6c45a27105f0dbf22c898244
SERVER_HANDSHAKE_TRAFFIC_SECRET c9980f54db9614a7c1bef1791bcd113326c3373489d63450130e3d6eea823890 228e3202f6a4579981b74b4adc6dabfb7defe8bad60f11159e546ddf3bf81a0e
CLIENT_HANDSHAKE_TRAFFIC_SECRET 86bf6528085207d58f919bdc94766d764a721f8fecd9a22b766ba7aa116a39f3 fa1710e7626483a87314618f00b1c78be26bc4ee86e1087edeafc9ba065ae874
SERVER_HANDSHAKE_TRAFFIC_SECRET 86bf6528085207d58f919bdc94766d764a721f8fecd9a22b766ba7aa116a39f3 561b9c31e9121cc1b8b717ce663b94465b5b347d01e9651ac1aa2a326956cfef
CLIENT_TRAFFIC_SECRET_0 c9980f54db9614a7c1bef1791bcd113326c3373489d63450130e3d6eea823890 2cec5d1f1d83cf131c9a3a19a92fafa18b3e65414b95d82d7210aad6691cf5cc
SERVER_TRAFFIC_SECRET_0 c9980f54db9614a7c1bef1791bcd113326c3373489d63450130e3d6eea823890 08690e45420beddf91d9b764b334599da0b2eea75ff02af08f27327acda0e12e
EXPORTER_SECRET c9980f54db9614a7c1bef1791bcd113326c3373489d63450130e3d6eea823890 b937669551dc5db2edf54b0f9a9840c18c553db38c5909de67ac7f71d8627150
CLIENT_TRAFFIC_SECRET_0 86bf6528085207d58f919bdc94766d764a721f8fecd9a22b766ba7aa116a39f3 b6640779988cdc498b63f093a63dd7c6d67f730825c71a72a0ea8736d52e5c00
SERVER_TRAFFIC_SECRET_0 86bf6528085207d58f919bdc94766d764a721f8fecd9a22b766ba7aa116a39f3 6071a838035cc67514190f47f36658cd1fd59b33f282ea91351cfb83f36aab2d
EXPORTER_SECRET 86bf6528085207d58f919bdc94766d764a721f8fecd9a22b766ba7aa116a39f3 3522778019711e5e9f89bda3b439ee739707e6fa442cc6bc67dbfadc611dd5f5
CLIENT_HANDSHAKE_TRAFFIC_SECRET 1e2662eeda31999cd44fab6d73c2eab4f3749e96d1b603af28f977f0a043b6ef 75a977323dbafecd84602414d7183e07007ddae9c95b80a4285da899820b7852
SERVER_HANDSHAKE_TRAFFIC_SECRET 1e2662eeda31999cd44fab6d73c2eab4f3749e96d1b603af28f977f0a043b6ef 962f3c37aa127bf8d1a7e2a8ac308d59e7f7d7e69642a037a308387a04bbc072
CLIENT_TRAFFIC_SECRET_0 1e2662eeda31999cd44fab6d73c2eab4f3749e96d1b603af28f977f0a043b6ef d9e474cd457d2de92a8787ce96ee5b9efddf638b980ebfec28bc1189b8980593
SERVER_TRAFFIC_SECRET_0 1e2662eeda31999cd44fab6d73c2eab4f3749e96d1b603af28f977f0a043b6ef 45fa976fb361fa144f2947d8adc966bfde807df872113fc6a1d4305849da902c
EXPORTER_SECRET 1e2662eeda31999cd44fab6d73c2eab4f3749e96d1b603af28f977f0a043b6ef ca3bc5b5cbc06dff108ca04cdc5b227f140cfcd17aa2970c6957a9b5b79aec7f
CLIENT_HANDSHAKE_TRAFFIC_SECRET 6eeb2d7dabad91b8476e7a92ca60689153254c086f2383203ae856699b72c398 3f0b78f4c3f532ef9a20c9da3179e726801ed39dde92059bdc0691f0e84fdaffbba007b20e655580b840be388ce50cae
SERVER_HANDSHAKE_TRAFFIC_SECRET 6eeb2d7dabad91b8476e7a92ca60689153254c086f2383203ae856699b72c398 e43352a0f16092c8f31ffd7fbb9d06ebfe9fed8c711f6b2fb38e6c4bf574818bae5cd0d8e72c270a79db0d34170bfc11
CLIENT_TRAFFIC_SECRET_0 6eeb2d7dabad91b8476e7a92ca60689153254c086f2383203ae856699b72c398 2d805238d4a5e742c749e993e28c7b0b866700d962a69ae0e5d3bc49b8240d8e839031599cbc93bdb0feedb322490dbd
SERVER_TRAFFIC_SECRET_0 6eeb2d7dabad91b8476e7a92ca60689153254c086f2383203ae856699b72c398 1ad8b646dc85e286eec9d79d852611a18547b1dd0797c9df2248267fe1954bba19f42ad3407f9855a46b6e01b061e6f2
EXPORTER_SECRET 6eeb2d7dabad91b8476e7a92ca60689153254c086f2383203ae856699b72c398 e49f28db39ddd3edb688163f8be8f4427a76c9cd8ec6ff45b10630af601c688e4ddf859bb64d158158f5a77be4a6b4f1
CLIENT_HANDSHAKE_TRAFFIC_SECRET 7a840d8f8426d5a5b2136ba715110a764d2da7df6105852c6de4bc7b54fe8bd6 31dbc2d6263ceef2ec9b6ef53dfa223066ce27e91aa5ac5337505d6eb54f362c
SERVER_HANDSHAKE_TRAFFIC_SECRET 7a840d8f8426d5a5b2136ba715110a764d2da7df6105852c6de4bc7b54fe8bd6 cc205991ec2736d83d7a76518243020ca9b153152730657424dda1e9e70d2984
CLIENT_TRAFFIC_SECRET_0 7a840d8f8426d5a5b2136ba715110a764d2da7df6105852c6de4bc7b54fe8bd6 a8767ac828ccca1d56b96903ae0c523aa138beae8a2c447f27edc1b0f463bf0c
SERVER_TRAFFIC_SECRET_0 7a840d8f8426d5a5b2136ba715110a764d2da7df6105852c6de4bc7b54fe8bd6 d9e94d74f84cf9b15105e61d65b3d512bb57a6b627c9958076c9a62960e3126d
EXPORTER_SECRET 7a840d8f8426d5a5b2136ba715110a764d2da7df6105852c6de4bc7b54fe8bd6 309459739edbbfb73f7f33d6b2b867ad764cb9ee2d7314e7bb149e8b6f618b03
CLIENT_HANDSHAKE_TRAFFIC_SECRET 58b5439bef9ea2e1069eafc463dabad53b47537473c16a3abe08eb4c619dc96e 228132940e2345f2057869d9a1f2373937efca7d63fd1d8367d6f0fc8f3107db
SERVER_HANDSHAKE_TRAFFIC_SECRET 58b5439bef9ea2e1069eafc463dabad53b47537473c16a3abe08eb4c619dc96e e527ca44a6174069f0178c7cf6e52b4397f1221b924ff620e3048631c6c47a45
CLIENT_TRAFFIC_SECRET_0 58b5439bef9ea2e1069eafc463dabad53b47537473c16a3abe08eb4c619dc96e 95581158c703ecc9c35378958e92874cf40a9b2b63f52cf1ad126f009bd5bea3
SERVER_TRAFFIC_SECRET_0 58b5439bef9ea2e1069eafc463dabad53b47537473c16a3abe08eb4c619dc96e 9d15d6dea4f2d7b02d1e091e04235075addae7f5a404895a5f765084b98506e9
EXPORTER_SECRET 58b5439bef9ea2e1069eafc463dabad53b47537473c16a3abe08eb4c619dc96e 7a1c075b03712843995720fc46c10966593ecc0e46a69c23e61a534865300adf
CLIENT_HANDSHAKE_TRAFFIC_SECRET 69d6aa720621e92ba2fc43228ab4136bc160b4f982e330583c6cf4c28f2a3f53 ffc68d118cbb865a5224714441e5447c701af29d672af22d426b141a22e2b2df
SERVER_HANDSHAKE_TRAFFIC_SECRET 69d6aa720621e92ba2fc43228ab4136bc160b4f982e330583c6cf4c28f2a3f53 0f37efa567d6363d342646458e79e793a9c4f0d60c3f6f11c75a46ab01a400a8
CLIENT_TRAFFIC_SECRET_0 69d6aa720621e92ba2fc43228ab4136bc160b4f982e330583c6cf4c28f2a3f53 a96439199ca52ec0858d023f1e9196699bec244e15fad67cb972ec01224f27f2
SERVER_TRAFFIC_SECRET_0 69d6aa720621e92ba2fc43228ab4136bc160b4f982e330583c6cf4c28f2a3f53 6a2d51b6726a9bb864b18900afa7b200576a45d36f7b97595cda9500f07f3ddd
EXPORTER_SECRET 69d6aa720621e92ba2fc43228ab4136bc160b4f982e330583c6cf4c28f2a3f53 1793ab46a828b607fe8b03e2ece067065952189c3515709f11d911a847471aa5
CLIENT_HANDSHAKE_TRAFFIC_SECRET 6f7986d61946519cbebb704aed2e877149fe457479f7414810a5d27f5ffb4ca0 bdbb2bd50e75b4a0709bf7a499a169b68a366d3140551698bb0fa71a2692da10
SERVER_HANDSHAKE_TRAFFIC_SECRET 6f7986d61946519cbebb704aed2e877149fe457479f7414810a5d27f5ffb4ca0 a42f43e2d97984a4cfecd36312c50e74d6524bf1278126de2d7191a7e8cc2744
CLIENT_TRAFFIC_SECRET_0 6f7986d61946519cbebb704aed2e877149fe457479f7414810a5d27f5ffb4ca0 76bce2c647358e7fed502b61ed2a01438b6cf2ee506affd98a70272e9d8d21da
SERVER_TRAFFIC_SECRET_0 6f7986d61946519cbebb704aed2e877149fe457479f7414810a5d27f5ffb4ca0 bfe7dc11c2cbe4b80fa34285c33041cbe21b24c4196c31a40b8a7ec24fc2349a
EXPORTER_SECRET 6f7986d61946519cbebb704aed2e877149fe457479f7414810a5d27f5ffb4ca0 bf051dcdbcd52464fc17e8b6e3b50af86d9c8dfa30dada335a0786634143ba54
CLIENT_HANDSHAKE_TRAFFIC_SECRET f166f44701665f15722ceebacc838d2de7a3b8ad5ba5515ae9eaf14b0ff988c3 3675491eac0a134b6ebd6d5d39fcfeb4cae370edd0873bd49f047bd864253c17
SERVER_HANDSHAKE_TRAFFIC_SECRET f166f44701665f15722ceebacc838d2de7a3b8ad5ba5515ae9eaf14b0ff988c3 fc03990aa445fb621504914fff8031069daec5d64966d8334618c0a5a386c203
CLIENT_HANDSHAKE_TRAFFIC_SECRET 74004bc35a1bd3c96a0bab05eade79a70a229e504696487244103708dd6d628c 5020421a3b29b13e61640e77b5aaef3e75361fda1108e54e5b4630e531324632
SERVER_HANDSHAKE_TRAFFIC_SECRET 74004bc35a1bd3c96a0bab05eade79a70a229e504696487244103708dd6d628c 400cae432f6e5abcc2d48694ffefc3e32d89d9ddeddaba60ce9cea4c63415bff
CLIENT_HANDSHAKE_TRAFFIC_SECRET 71266a548ca904707046d3407d9bdc294312c4ba7e68e89f3b8827d5b2077d4c bc9a7d8c5a5658a8daeba1c1eeb9fc8765ec43908a4be4f9a1c5949abdfbcc2e
SERVER_HANDSHAKE_TRAFFIC_SECRET 71266a548ca904707046d3407d9bdc294312c4ba7e68e89f3b8827d5b2077d4c 09259161452148366e63134426ff77100a160a5a672e6a721f47df69b46887a1
CLIENT_TRAFFIC_SECRET_0 74004bc35a1bd3c96a0bab05eade79a70a229e504696487244103708dd6d628c becb6b8611b5feba25ac244eacbf9932c3c17e271fad58df23cc107763a8c053
SERVER_TRAFFIC_SECRET_0 74004bc35a1bd3c96a0bab05eade79a70a229e504696487244103708dd6d628c 3f35485ca25170ed3e225cd2ff2f766142077804ad4fbae8de156f51176a9df3
EXPORTER_SECRET 74004bc35a1bd3c96a0bab05eade79a70a229e504696487244103708dd6d628c f529cd01c3b4a471be159f36816da76b2020f5634c75fd37bc4051385ed620a5
CLIENT_TRAFFIC_SECRET_0 f166f44701665f15722ceebacc838d2de7a3b8ad5ba5515ae9eaf14b0ff988c3 acbd3cef51b6a0cdd5139d79348ccebb0981e16294266b623e304097649dd19c
SERVER_TRAFFIC_SECRET_0 f166f44701665f15722ceebacc838d2de7a3b8ad5ba5515ae9eaf14b0ff988c3 8a46c37ec121723dc7b4a434e277dc31c05fe1d83a049f94ad44851606db7dd8
EXPORTER_SECRET f166f44701665f15722ceebacc838d2de7a3b8ad5ba5515ae9eaf14b0ff988c3 d618a4beefc2aea6a1355f95a2551b42d3e08d189c848b3c7a62094646a4ba06
CLIENT_HANDSHAKE_TRAFFIC_SECRET 9ef996b7a5705b02e98684cd12bf3bc737b084c0cb02704411da7a1ae4fbcb4b 173dec45f99cbd3680a1453d8bcfa67cc0b38befeeae8851ad3e7ecf4ce9513c
SERVER_HANDSHAKE_TRAFFIC_SECRET 9ef996b7a5705b02e98684cd12bf3bc737b084c0cb02704411da7a1ae4fbcb4b d592440d860a02c376212764851717526e797483c945f6f6e221d3892130f89e
CLIENT_TRAFFIC_SECRET_0 9ef996b7a5705b02e98684cd12bf3bc737b084c0cb02704411da7a1ae4fbcb4b 090410d03f54e88948fc9c446caeb8a945f819d21e72c2b9aef289bef313b332
SERVER_TRAFFIC_SECRET_0 9ef996b7a5705b02e98684cd12bf3bc737b084c0cb02704411da7a1ae4fbcb4b c98ed6a46f30e2e99f3b32c1e9f5aff651409bef01f81b3c0b27eebcfbdd5412
EXPORTER_SECRET 9ef996b7a5705b02e98684cd12bf3bc737b084c0cb02704411da7a1ae4fbcb4b b8e70ffe1ebdf325fc674ad973b4190d74a39daab6c6b30bd61b8eeb049e14f1
CLIENT_TRAFFIC_SECRET_0 71266a548ca904707046d3407d9bdc294312c4ba7e68e89f3b8827d5b2077d4c 5aaee25b2ff9d6fd39d5a060affce9fa9512a4f51278844968d5a23bb049652b
SERVER_TRAFFIC_SECRET_0 71266a548ca904707046d3407d9bdc294312c4ba7e68e89f3b8827d5b2077d4c 3805ac63d442f45a7863c595ac3a8624978d9987e2c17aca6b984b396f1979b7
EXPORTER_SECRET 71266a548ca904707046d3407d9bdc294312c4ba7e68e89f3b8827d5b2077d4c f0daa7ab148b42b924b9019b7d897536e4c3c3bad767af4f965592e5c0f56a4c
CLIENT_HANDSHAKE_TRAFFIC_SECRET bd85546b1133128c5f4214f4f88eb5ab2392e6ee6dcef99ffeefe0ea8461aad3 868d945de90f48041628179b2dab34efdc85f052d4e3e0035800796efa5128a1
SERVER_HANDSHAKE_TRAFFIC_SECRET bd85546b1133128c5f4214f4f88eb5ab2392e6ee6dcef99ffeefe0ea8461aad3 8d14327d7e99324cbe6cd8be6e527d71ca65807693050e67a05d20cdd3fa4bb7
CLIENT_TRAFFIC_SECRET_0 bd85546b1133128c5f4214f4f88eb5ab2392e6ee6dcef99ffeefe0ea8461aad3 330619a1370b1515dda875304137b7bbbd5a61e19de4fe2c3653eaf2923f5f5e
SERVER_TRAFFIC_SECRET_0 bd85546b1133128c5f4214f4f88eb5ab2392e6ee6dcef99ffeefe0ea8461aad3 446c4068f08429ebdb224f70de20885ba2e54f7d284e8f668c463e9d8578796c
EXPORTER_SECRET bd85546b1133128c5f4214f4f88eb5ab2392e6ee6dcef99ffeefe0ea8461aad3 f9fbe4fd635efbf2f2991c08873bb05000d680eae6846a5fb7504a34310cd5db
CLIENT_HANDSHAKE_TRAFFIC_SECRET a61a3c2d2813cd648c7a183db57a49ca106ea90bd75eede0c30e9fc9586439e4 6dee056f18aed7ddac44b6b32b3f4b6ad5c40140c9383484e20dce2c4d227b67
SERVER_HANDSHAKE_TRAFFIC_SECRET a61a3c2d2813cd648c7a183db57a49ca106ea90bd75eede0c30e9fc9586439e4 793199b70c1e0f61862e1e581573fb896cabd31e08259fd28d4598db403a7b05
CLIENT_TRAFFIC_SECRET_0 a61a3c2d2813cd648c7a183db57a49ca106ea90bd75eede0c30e9fc9586439e4 8982e3f8bd9f7f4f9e33067011dfb030ace5c7a04a6511822c7beae1c0dfed5e
SERVER_TRAFFIC_SECRET_0 a61a3c2d2813cd648c7a183db57a49ca106ea90bd75eede0c30e9fc9586439e4 57d5bd0ba02a79522c7050adc703c837e8e57570388da0084a558cabc76b5fbd
EXPORTER_SECRET a61a3c2d2813cd648c7a183db57a49ca106ea90bd75eede0c30e9fc9586439e4 001ae84906b6864fc6ba708c35ec3cd84404cea0aa8796933a6c0fbfe2ad8fa0
CLIENT_HANDSHAKE_TRAFFIC_SECRET bcfc8d5556bd1d9129a9b3335a1455fcab9201a511cbfa89a0fb3a04b8755189 eb9190db0ebf14a5813dfd43fe5280d9fa9f158116ad8a2b5c0c89fe6823b833
SERVER_HANDSHAKE_TRAFFIC_SECRET bcfc8d5556bd1d9129a9b3335a1455fcab9201a511cbfa89a0fb3a04b8755189 89e3fc10bbf52dd2ac1a97c08cb2dcd1beec76e7be167815663313c3b1fe58f0
CLIENT_TRAFFIC_SECRET_0 bcfc8d5556bd1d9129a9b3335a1455fcab9201a511cbfa89a0fb3a04b8755189 18b1c29cf1cf532d4bd5c33755bbad21a0fcd8e7d5629cc22817cf30bef52e20
SERVER_TRAFFIC_SECRET_0 bcfc8d5556bd1d9129a9b3335a1455fcab9201a511cbfa89a0fb3a04b8755189 edf6d72ce01a7693147423e38cd7c22581e2c71cf424bf9d7464327c3b8bafaf
EXPORTER_SECRET bcfc8d5556bd1d9129a9b3335a1455fcab9201a511cbfa89a0fb3a04b8755189 3ad53af7f04e1baec192dc658ea81a48465d5491bfb52c4457042e3e2971715e
CLIENT_HANDSHAKE_TRAFFIC_SECRET 22db92249e30d2d91e88b24c89403229648ccfa74e1d79fc3a794076d66b3de4 e620b6f28109656e70875e52f69f93e887af8bbd45764b191930a856ec7790e0
SERVER_HANDSHAKE_TRAFFIC_SECRET 22db92249e30d2d91e88b24c89403229648ccfa74e1d79fc3a794076d66b3de4 4764ce9636e3efa003c8f1765abd5d4c0063f0c87ac53a088edf930a41b8110a
CLIENT_TRAFFIC_SECRET_0 22db92249e30d2d91e88b24c89403229648ccfa74e1d79fc3a794076d66b3de4 361ae2960cdbae7bd4648732ebf6f3cc47552bf184122ad8a3680d15fe10b863
SERVER_TRAFFIC_SECRET_0 22db92249e30d2d91e88b24c89403229648ccfa74e1d79fc3a794076d66b3de4 771ceba6f5f9bd3cfaf64337fc159c234f3aa8abaaef503cb39baaae9ea19fd2
EXPORTER_SECRET 22db92249e30d2d91e88b24c89403229648ccfa74e1d79fc3a794076d66b3de4 7ca1a299231eeb0a52032bce395933dfb6ced05ed4e3ca340c6ab0ea2de4976b
CLIENT_HANDSHAKE_TRAFFIC_SECRET b56fe12e5e9aebd7c661dbeea2b43ca48532f0b4b059234cc2002e2819d311c5 48d8126fcdc0218393ebe946345ca022699c3c45a1722f925d6c947249f7f69a
SERVER_HANDSHAKE_TRAFFIC_SECRET b56fe12e5e9aebd7c661dbeea2b43ca48532f0b4b059234cc2002e2819d311c5 6425bd736ac9984dcc044a1d1fc53a15ec81234af2e114cfe275ad605a0e1ae5
CLIENT_TRAFFIC_SECRET_0 b56fe12e5e9aebd7c661dbeea2b43ca48532f0b4b059234cc2002e2819d311c5 31ef072a33d86e9e396a34d79e5f69c195975aa78d00a51d8dbfb1d22d525eb3
SERVER_TRAFFIC_SECRET_0 b56fe12e5e9aebd7c661dbeea2b43ca48532f0b4b059234cc2002e2819d311c5 5a5812967f37d59829ee9b1e4fc96f4f243fa655f6740c783a3912dc02c12f84
EXPORTER_SECRET b56fe12e5e9aebd7c661dbeea2b43ca48532f0b4b059234cc2002e2819d311c5 f91b5a56fcadd225cad566f7e83dfd2489742b995f4ab5dfd6ef678fc2fb7e58
CLIENT_HANDSHAKE_TRAFFIC_SECRET 3f1870e9d8fb8dc60a5e03dc48cabd0e1aa82965a1dea1f43c5505b58e84860a b675c78941630b92bd6ecdc9cd3528f1554bb411fa95d807ce05c0bd16429418
SERVER_HANDSHAKE_TRAFFIC_SECRET 3f1870e9d8fb8dc60a5e03dc48cabd0e1aa82965a1dea1f43c5505b58e84860a 8765b2ff71686a5e0ef1b866e67dc559599fa90dcf5d4e806187eb805541f711
CLIENT_TRAFFIC_SECRET_0 3f1870e9d8fb8dc60a5e03dc48cabd0e1aa82965a1dea1f43c5505b58e84860a 2c7807b4baa30f7800b2f386d2d2bd509261a4bf06cfefa2e95d233517644435
SERVER_TRAFFIC_SECRET_0 3f1870e9d8fb8dc60a5e03dc48cabd0e1aa82965a1dea1f43c5505b58e84860a a9e081a1f9d30b84d402348639a557dcff5aceb6e376d4d7b0752712bce9df8d
EXPORTER_SECRET 3f1870e9d8fb8dc60a5e03dc48cabd0e1aa82965a1dea1f43c5505b58e84860a 5cd6d66df2b3c55d0f9dc1ee155018683e8179cc651a319427ba5400fd1d13ff
CLIENT_HANDSHAKE_TRAFFIC_SECRET 6407c13e69f851528a4e4a41cc0f3bcd7807cbc2ac787170b192ce67d4fbc1c2 2bb6d3b6f9e425277fbeba21dc3ed0efca11bf02caf4ec284b5a78d403334b75
SERVER_HANDSHAKE_TRAFFIC_SECRET 6407c13e69f851528a4e4a41cc0f3bcd7807cbc2ac787170b192ce67d4fbc1c2 9c9748688cfbe9269d3fbfdecfff7de0132f5d0f7b350a68b1091cdcbc17a2f2
CLIENT_TRAFFIC_SECRET_0 6407c13e69f851528a4e4a41cc0f3bcd7807cbc2ac787170b192ce67d4fbc1c2 64b5d9a198f2e0f2c35effe57ac9b79d50e60237022e6026f8893025b12f5b0c
SERVER_TRAFFIC_SECRET_0 6407c13e69f851528a4e4a41cc0f3bcd7807cbc2ac787170b192ce67d4fbc1c2 6eefe88666199779141758334377fc815b633dbed695fc7ef627af7a9580297c
EXPORTER_SECRET 6407c13e69f851528a4e4a41cc0f3bcd7807cbc2ac787170b192ce67d4fbc1c2 dd2622c29c89b80318e0d4d9bf5aa9084d15e97b89cfa3c90dc2a8933fd2f52f
CLIENT_EARLY_TRAFFIC_SECRET ccfb86346145cad7cd06c6db039f2ffbdf77b86df8370c2a960c961ee351fd65 3397df3e29113aa06adef635081b38ca96f9e580ca70e8ca8f42cfbbddb2d12a
CLIENT_HANDSHAKE_TRAFFIC_SECRET ccfb86346145cad7cd06c6db039f2ffbdf77b86df8370c2a960c961ee351fd65 f3194ae95bb34c8daf4f8e4283747aba770dd6e714f0d82494383b4ae5a8a585
SERVER_HANDSHAKE_TRAFFIC_SECRET ccfb86346145cad7cd06c6db039f2ffbdf77b86df8370c2a960c961ee351fd65 5ed0348d11cba9ddbea2a135c5d9a931a40d85e2e3be9058d4a6c9449b8f7308
CLIENT_TRAFFIC_SECRET_0 ccfb86346145cad7cd06c6db039f2ffbdf77b86df8370c2a960c961ee351fd65 b6d11ac85a8d80c2d0b5170c8837950ec0f190b7d67cec06ddad5b7cb7c46a20
SERVER_TRAFFIC_SECRET_0 ccfb86346145cad7cd06c6db039f2ffbdf77b86df8370c2a960c961ee351fd65 03a2af0dabfe2c1b26f4eff5a50a293271e2d08bd7d2dd150444ffa61be64973
EXPORTER_SECRET ccfb86346145cad7cd06c6db039f2ffbdf77b86df8370c2a960c961ee351fd65 643b98ab521a9a60b2483b0c06f554f2641f459a9a2018aa663ac19fa21dfbe8
CLIENT_HANDSHAKE_TRAFFIC_SECRET 227a709d319c7d610bea6a46f41e61f309b06aebc4b4b62f120d56a4164a2354 60ed21e8c049d560c41a315192420fb22d33101c52f760bf4d59462a7a888317
SERVER_HANDSHAKE_TRAFFIC_SECRET 227a709d319c7d610bea6a46f41e61f309b06aebc4b4b62f120d56a4164a2354 92967e64bcbe7011a73d95cd0036cadba3b92d5de53d098b9f32001affe01757
CLIENT_TRAFFIC_SECRET_0 227a709d319c7d610bea6a46f41e61f309b06aebc4b4b62f120d56a4164a2354 3b3d4d4f60889bfff28775b94e75e8b7e129e69715fd076e57e0d0d4a2dfc9dc
SERVER_TRAFFIC_SECRET_0 227a709d319c7d610bea6a46f41e61f309b06aebc4b4b62f120d56a4164a2354 8ea19a5035f95aec2eacfc0e425d3f92f16365f7eb9b6abc1e43f0c0ae6d2d8a
EXPORTER_SECRET 227a709d319c7d610bea6a46f41e61f309b06aebc4b4b62f120d56a4164a2354 a0bcf0967091e42c5a001e407bac64b42e8436a8d27dde14418b85c785b0408f
CLIENT_HANDSHAKE_TRAFFIC_SECRET ce7d7d097646d83f42e62b7d45f8f162ddfcc92ddce7d6a536a6d118907f9c5c e2d39791fbaee4819d265e095bd0010d86d93ec548256f2895fe5242acc5e6eb
SERVER_HANDSHAKE_TRAFFIC_SECRET ce7d7d097646d83f42e62b7d45f8f162ddfcc92ddce7d6a536a6d118907f9c5c 85be95c538e68d026ea4702acdb83a815732d4b9193ff703a77bf3bcc7487e2f
CLIENT_TRAFFIC_SECRET_0 ce7d7d097646d83f42e62b7d45f8f162ddfcc92ddce7d6a536a6d118907f9c5c 5aad4cf54517346407b909f6fde0231060e6a3b297a5bfed911f923e4df04542
SERVER_TRAFFIC_SECRET_0 ce7d7d097646d83f42e62b7d45f8f162ddfcc92ddce7d6a536a6d118907f9c5c 17d7395110f0aa346724035566770a5c6c37aaf987b20595efabf7288796bfb5
EXPORTER_SECRET ce7d7d097646d83f42e62b7d45f8f162ddfcc92ddce7d6a536a6d118907f9c5c e688697f0abb14d498fbce7e3eb704e5d8c776b01b94b58fcd1526491a3f1e5f
CLIENT_HANDSHAKE_TRAFFIC_SECRET b7b9bceea4856a51f45a62e623721fc6e5442f9cab9d6426f4b5bd72a4895a61 23db0dbd7669a1fc3631833a96687f4f4d7c933c5ed9bbd9025ac87af15e4e66
SERVER_HANDSHAKE_TRAFFIC_SECRET b7b9bceea4856a51f45a62e623721fc6e5442f9cab9d6426f4b5bd72a4895a61 ccf656b1b3f45ba9c76844d4ab4336059128f851e397d4a853d42a5ecbb59396
CLIENT_TRAFFIC_SECRET_0 b7b9bceea4856a51f45a62e623721fc6e5442f9cab9d6426f4b5bd72a4895a61 0bfce5ec3bc40c8816c42b356f0c8967225ff533b78c72a97ba60b4a542e2d01
SERVER_TRAFFIC_SECRET_0 b7b9bceea4856a51f45a62e623721fc6e5442f9cab9d6426f4b5bd72a4895a61 177ec1ab5771d4ea52ac54d2b5931f0e19248e4f4f9f398cc458d15e459e617f
EXPORTER_SECRET b7b9bceea4856a51f45a62e623721fc6e5442f9cab9d6426f4b5bd72a4895a61 bee759e5db786dcb3eee0b31a1b07b47350a846195d70987da799dd8762ccee5
CLIENT_HANDSHAKE_TRAFFIC_SECRET 6efbb77e6fc6ad28c52e04749317f2c11a859462d9ad4f55572c083efb62c3f4 bd8fc6c0b21ba15848ec3dfa5b0c5867c0d1f8f4f412f47eb45f6cba0d3d0469
SERVER_HANDSHAKE_TRAFFIC_SECRET 6efbb77e6fc6ad28c52e04749317f2c11a859462d9ad4f55572c083efb62c3f4 4302c6aa497c151161a9275b88f00fd339e033934f4f5c3ede9930d3df3a84d1
CLIENT_TRAFFIC_SECRET_0 6efbb77e6fc6ad28c52e04749317f2c11a859462d9ad4f55572c083efb62c3f4 84fda758c9bd44f07c464912865aae86c6c54d44151583dd9cc023e67f6373f8
SERVER_TRAFFIC_SECRET_0 6efbb77e6fc6ad28c52e04749317f2c11a859462d9ad4f55572c083efb62c3f4 24be6e3563855038be367b80689cc238b6fcaac89f2b8f96fec90ce188c59ff7
EXPORTER_SECRET 6efbb77e6fc6ad28c52e04749317f2c11a859462d9ad4f55572c083efb62c3f4 65017c8acff77c03e7975ce0562d8c42dcb9e871f807ef563a0eefcccac9734b
CLIENT_RANDOM e2a9f52d602bf068de9dd1dac24c050d759515f75495431f2862a305ce1e6433 434ab9de9adb73a0ac10c4edda0dd829ba8f502939b35a78c1dc480768f724be71195ed02a07e64a43c3795cac8d4c11
CLIENT_RANDOM a14dcecb2520b8eac56f0d9612e693e3cf3db57cc40e195cc30cc89b585c3b27 9c0c28fdfedf9b9bf2449124c2f9b3fff2ec1d22a5a5481e17d029be51b0b61707bb796a8a7477f6d3f32b66fbf39d98
CLIENT_RANDOM 6a93d72dceb5e7eea3d78401ae8a16ccc925d81751f13d76783aee378118181e e5b6f60589e784d780abc49809d2b77b5af84bea8159cc6dbbf4923d38853669013bfafc6a799c811492afc5dcddf4cf
CLIENT_HANDSHAKE_TRAFFIC_SECRET ab641a49433f094b56cdc9afa179801b13428dc57d2abb78112f925a73cfa9dd 23eef233787b7f9d280f8f13d240d0b94b7790f0e2502aa396d17b6b008da95f
SERVER_HANDSHAKE_TRAFFIC_SECRET ab641a49433f094b56cdc9afa179801b13428dc57d2abb78112f925a73cfa9dd f165ed6ea8dbeb20488079a99426fac91aa23b9cb8432bdf8112806933d74a99
CLIENT_TRAFFIC_SECRET_0 ab641a49433f094b56cdc9afa179801b13428dc57d2abb78112f925a73cfa9dd 6c63e20b1845dc647b19e4623f0cf484f7a924f6d2b7ad69dde132193e7b0f95
SERVER_TRAFFIC_SECRET_0 ab641a49433f094b56cdc9afa179801b13428dc57d2abb78112f925a73cfa9dd df40e4c3232a78cd87ae11dbcbb16843773dad4ae7d32925b5cf82297ea172e8
EXPORTER_SECRET ab641a49433f094b56cdc9afa179801b13428dc57d2abb78112f925a73cfa9dd aa166a85460146b436d795ea2770a98c582c543d3f6ce68878fa62ff0133de5c
CLIENT_RANDOM ef5f2751c145b425a5a473ed4dda598b3f83a3ea39fa05d2f3d4129a1dfe7c5f e5b6f60589e784d780abc49809d2b77b5af84bea8159cc6dbbf4923d38853669013bfafc6a799c811492afc5dcddf4cf
CLIENT_HANDSHAKE_TRAFFIC_SECRET e2db92403bbf907bfc82bb97ed7058d6326ba3129c871b74856429ae03a3e320 86edb88191cdceadb444e7b1ce7bc6a24188f47de780ce7ccb6bf2bc8f7595b4
SERVER_HANDSHAKE_TRAFFIC_SECRET e2db92403bbf907bfc82bb97ed7058d6326ba3129c871b74856429ae03a3e320 914baed613b48047f75395641c3c2809a2c6dd8580ad458da952cba3b56dbbf3
CLIENT_TRAFFIC_SECRET_0 e2db92403bbf907bfc82bb97ed7058d6326ba3129c871b74856429ae03a3e320 1eb9a7ccd44bf6b267e6abc4504b64a942287de64f1dad4a1e8a721beffb445b
SERVER_TRAFFIC_SECRET_0 e2db92403bbf907bfc82bb97ed7058d6326ba3129c871b74856429ae03a3e320 1a2a5addeb2713868ac190f0af2824cf636f0f2573975c6127fb998e74153426
EXPORTER_SECRET e2db92403bbf907bfc82bb97ed7058d6326ba3129c871b74856429ae03a3e320 849d86285ef32aa8e96217422f453ce6f1bfdbf50b119a2f8a51a9defe449543
CLIENT_HANDSHAKE_TRAFFIC_SECRET d1f4ec8e0541ca64562a0cc6cc1d29fe47586f3ffa2708a05a51f9322b6826f3 e42de427cade4b0b76249d245a84bcbf18093005350b12e7a4c20b4a45403ac0
SERVER_HANDSHAKE_TRAFFIC_SECRET d1f4ec8e0541ca64562a0cc6cc1d29fe47586f3ffa2708a05a51f9322b6826f3 4c5f32c2758eead1d0c9a69f9f131fe736bb8e1978ffe1e365254cea2a4b57f4
CLIENT_HANDSHAKE_TRAFFIC_SECRET ffd81c62c6a18eba739bf1668a4b2601b182e1346ef9d9629895f69c7a827643 3f48ed9079f5db2ced2695fa31deeeef83b49a5d075a30feb6f5fdb7d78bb4f2
SERVER_HANDSHAKE_TRAFFIC_SECRET ffd81c62c6a18eba739bf1668a4b2601b182e1346ef9d9629895f69c7a827643 8554804f5bbd3cc7e0f35b53b45e9248baf61bd1fb04e8a46adc6b8a0813a8ab
CLIENT_TRAFFIC_SECRET_0 d1f4ec8e0541ca64562a0cc6cc1d29fe47586f3ffa2708a05a51f9322b6826f3 25bef995dc7f6a9ca14debf6a8f5484b0e58cb2f7444a1f280529e12661b1da9
SERVER_TRAFFIC_SECRET_0 d1f4ec8e0541ca64562a0cc6cc1d29fe47586f3ffa2708a05a51f9322b6826f3 02a5f2c0b943c5d48c855038c152512e8d9d4ef090b9dd1ec84520c487112956
EXPORTER_SECRET d1f4ec8e0541ca64562a0cc6cc1d29fe47586f3ffa2708a05a51f9322b6826f3 e8816cdbab7615feb78a22eb5a3c67440c4a628069b1f757e0f2d113a7709489
CLIENT_TRAFFIC_SECRET_0 ffd81c62c6a18eba739bf1668a4b2601b182e1346ef9d9629895f69c7a827643 e04fc09020d13f68750174f848c893a540b2814b96f335a688ed2f4d23626787
SERVER_TRAFFIC_SECRET_0 ffd81c62c6a18eba739bf1668a4b2601b182e1346ef9d9629895f69c7a827643 62f3d35cf931a9827496b3d9815327db5f9bb14f15bdc1134492f0112df36171
EXPORTER_SECRET ffd81c62c6a18eba739bf1668a4b2601b182e1346ef9d9629895f69c7a827643 5a442ace183e783665d04fe58487dad441f922c3b123f7e42bf0f8afd1a49c70
CLIENT_RANDOM ee55ee0d724f95721ebfb8e3711e647c04f535da414115b9a1f91be831cc496c e5b6f60589e784d780abc49809d2b77b5af84bea8159cc6dbbf4923d38853669013bfafc6a799c811492afc5dcddf4cf
CLIENT_HANDSHAKE_TRAFFIC_SECRET 5252d4a200873719fa9f063027f7ad8720e175acaa30dcdf9433be2806fc2a62 f246a0299ad746e869c973caf4c685a5b3091a871fb12052de3aafb3059e1e76
SERVER_HANDSHAKE_TRAFFIC_SECRET 5252d4a200873719fa9f063027f7ad8720e175acaa30dcdf9433be2806fc2a62 de31263220569d0157bd521b37b2657744ff81c5ab221fe997fab82b4ea70ca1
CLIENT_TRAFFIC_SECRET_0 5252d4a200873719fa9f063027f7ad8720e175acaa30dcdf9433be2806fc2a62 26da43f51c3722cd3ec9cd5a759a235a59722a4d7ec6691fd84595d09094ad03
SERVER_TRAFFIC_SECRET_0 5252d4a200873719fa9f063027f7ad8720e175acaa30dcdf9433be2806fc2a62 df49505fe2123c3fb7ccf4aa15881bc03c810d4b7d063615cef24675836cb058
EXPORTER_SECRET 5252d4a200873719fa9f063027f7ad8720e175acaa30dcdf9433be2806fc2a62 8bef1d56cbdde2272e76c706f63e8f4f476d2e53d56007e819a5568c621fc613
CLIENT_HANDSHAKE_TRAFFIC_SECRET cbe0a49ba8e26581755862eaed45131908183115f6b1b7c1a87f32ba035fd4a1 76f02045a367bdcb891c11b265b3eab71f469f22b71c057e3fd2fa9e366003c2
SERVER_HANDSHAKE_TRAFFIC_SECRET cbe0a49ba8e26581755862eaed45131908183115f6b1b7c1a87f32ba035fd4a1 8b340a7d6918643697ac59b294517f5afc78cd9020b02aac348b5ad769fef40b
CLIENT_TRAFFIC_SECRET_0 cbe0a49ba8e26581755862eaed45131908183115f6b1b7c1a87f32ba035fd4a1 e788c4204b80db8c8746655a0dcd6ea7defac65499069cb40bbfe3a4be8baf50
SERVER_TRAFFIC_SECRET_0 cbe0a49ba8e26581755862eaed45131908183115f6b1b7c1a87f32ba035fd4a1 d5a0f46bbb14d7d00e6204f4b966972525b1b5d2766c76f9d132ddaf89bd650d
EXPORTER_SECRET cbe0a49ba8e26581755862eaed45131908183115f6b1b7c1a87f32ba035fd4a1 8d753f42475d2947511dccec1733af14fb50a55a64f083d148e1e55162caeb47
CLIENT_HANDSHAKE_TRAFFIC_SECRET 7112fd336f064580c6ceed0534e98e4711ebd80ccdd26d4301dec6314132a415 977e2a3722934ac19dc4709b65759a2811844e90fe47ea487629ba9978787657
SERVER_HANDSHAKE_TRAFFIC_SECRET 7112fd336f064580c6ceed0534e98e4711ebd80ccdd26d4301dec6314132a415 d13815d2ed7641e107a0b3699221ce5d2472a270e38aef0c8409e231462d96ab
CLIENT_HANDSHAKE_TRAFFIC_SECRET b59cf74e3a0edb7d4d0ec7803ebe18c54017deca9c982ed1b4777074382e9689 595e85a39b03b536ab7e0a68cf4a4943586c6883008c2659589bfea6e9b481fa
SERVER_HANDSHAKE_TRAFFIC_SECRET b59cf74e3a0edb7d4d0ec7803ebe18c54017deca9c982ed1b4777074382e9689 e284578e9a41cd332655abaab76aecdcfec01690eb05258ceb7ce95fa569937a
CLIENT_HANDSHAKE_TRAFFIC_SECRET f4111abf9910b51d60686b908abdd683c3d03cb3c40ec29e66b2508acc185917 8dd526adbcd67d4c02a312306953a22a287fe40acdbe7711fc03202f47bc1bb9
SERVER_HANDSHAKE_TRAFFIC_SECRET f4111abf9910b51d60686b908abdd683c3d03cb3c40ec29e66b2508acc185917 352788d6261a134276b8a22cc4a1bc5e7f5c7b4cb7b28e33e3a1dd777c5363d2
CLIENT_TRAFFIC_SECRET_0 7112fd336f064580c6ceed0534e98e4711ebd80ccdd26d4301dec6314132a415 0bb1a99d9b12b81383ce24a046a125b99025ac6a4f38724b4ff4e3bfeafefa73
SERVER_TRAFFIC_SECRET_0 7112fd336f064580c6ceed0534e98e4711ebd80ccdd26d4301dec6314132a415 2db34144364f03db560c392a26f87ee41835cf8ae2ba9460138e4f72cb6e3f97
EXPORTER_SECRET 7112fd336f064580c6ceed0534e98e4711ebd80ccdd26d4301dec6314132a415 1dca3b0049b2aabe328ee01aa075e10912f1f5b64077d47bfec2fd641fcfc505
CLIENT_TRAFFIC_SECRET_0 f4111abf9910b51d60686b908abdd683c3d03cb3c40ec29e66b2508acc185917 b1a99d6b242c61a4c51f1def94d0c19779b0df3c17f8d67ae6a6ca944bf77a37
SERVER_TRAFFIC_SECRET_0 f4111abf9910b51d60686b908abdd683c3d03cb3c40ec29e66b2508acc185917 9e62b073b894b1bbaa0ca285cdb88b47483b181e9ca14c86c894f00c5f389e10
EXPORTER_SECRET f4111abf9910b51d60686b908abdd683c3d03cb3c40ec29e66b2508acc185917 30804ed4085cb0acb90907718151943e61a1dce4ac809126a6313b0e126998f8
CLIENT_HANDSHAKE_TRAFFIC_SECRET 3547ca73b8d184e20515943d632812c9b9b631dfe5f477eecec5af683612879b 02afdd7c1eb0232ab89e7e98824d881829be8074a5b3dfefa344067f226928a0
SERVER_HANDSHAKE_TRAFFIC_SECRET 3547ca73b8d184e20515943d632812c9b9b631dfe5f477eecec5af683612879b ca4336a2870933bd19fce413249bf7279166412ed764df5cac304c88f7b7c21e
CLIENT_TRAFFIC_SECRET_0 3547ca73b8d184e20515943d632812c9b9b631dfe5f477eecec5af683612879b 059a1bdea261784551e850d918fa6e4f16d15dc3aa897ec7efd44cbd5d496625
SERVER_TRAFFIC_SECRET_0 3547ca73b8d184e20515943d632812c9b9b631dfe5f477eecec5af683612879b b5e4de81255bdfffde071b93488c8a95cc47114926708ff530e2ce75e72b5c2f
EXPORTER_SECRET 3547ca73b8d184e20515943d632812c9b9b631dfe5f477eecec5af683612879b d687dd4214ab680c34f4f2f1301502912b64b3eeca30703c7a07597be3385c19
CLIENT_TRAFFIC_SECRET_0 b59cf74e3a0edb7d4d0ec7803ebe18c54017deca9c982ed1b4777074382e9689 ddeb04c91bf1cc9c576fcc634a7ea14a17fd12b94a1a27f5cacca9ba3f2e45e1
SERVER_TRAFFIC_SECRET_0 b59cf74e3a0edb7d4d0ec7803ebe18c54017deca9c982ed1b4777074382e9689 5dc2a789203c7f2f3118cb6eaf409ff209aa03cb512c784aa4f7c5adbe821036
EXPORTER_SECRET b59cf74e3a0edb7d4d0ec7803ebe18c54017deca9c982ed1b4777074382e9689 d0f4890a4cea07b8f348d558d7796e1cd2938bb97e07ae41720ecb5856be22ee
CLIENT_HANDSHAKE_TRAFFIC_SECRET f01c2c26c52a3a4c6a485e11cb66297d8b516a158cba6fa07bdb90e9ed7f8c35 d454695a289f465040c5648159ec111fbf8349ef893693ba47863d43662b3edc
SERVER_HANDSHAKE_TRAFFIC_SECRET f01c2c26c52a3a4c6a485e11cb66297d8b516a158cba6fa07bdb90e9ed7f8c35 fce47ca7690f8d14545c481e6be0f0a1cd017f709c15a5f3ca6d57126c0c3a95
CLIENT_TRAFFIC_SECRET_0 f01c2c26c52a3a4c6a485e11cb66297d8b516a158cba6fa07bdb90e9ed7f8c35 e1d1befac3ea40cb227d4df3993d0913fc149431fba937d7fa1a0c617211ba47
SERVER_TRAFFIC_SECRET_0 f01c2c26c52a3a4c6a485e11cb66297d8b516a158cba6fa07bdb90e9ed7f8c35 0a63b40a04703425740d14431e603262bbb979352148bf251c5facb06eef80af
EXPORTER_SECRET f01c2c26c52a3a4c6a485e11cb66297d8b516a158cba6fa07bdb90e9ed7f8c35 4b7bee3812747c4a58b8c6a857b34b915e5e8251996288f070446dfe4cda61f7
CLIENT_HANDSHAKE_TRAFFIC_SECRET 4c65e595c15f5d4006476e7936240ba580ac67d63b1a0bdcb5d6bc931a269b4c 6baabb15dd03bc50049ddd75579a512b808a677d3503df6bd31747dee8958844
SERVER_HANDSHAKE_TRAFFIC_SECRET 4c65e595c15f5d4006476e7936240ba580ac67d63b1a0bdcb5d6bc931a269b4c 99ab939424b175cbec3003e5e2667c7c814bd38a6ca34e50c28a5f6c4c50a18a
CLIENT_TRAFFIC_SECRET_0 4c65e595c15f5d4006476e7936240ba580ac67d63b1a0bdcb5d6bc931a269b4c 96ccd578bd966da0b74ed9ba535f884e1fefdbf23c457b340ec28e3ae8f3b1e2
SERVER_TRAFFIC_SECRET_0 4c65e595c15f5d4006476e7936240ba580ac67d63b1a0bdcb5d6bc931a269b4c 6915314c368647b559388f2bedeb993f58bb6ce0cc3929219b11f802a31d0a10
EXPORTER_SECRET 4c65e595c15f5d4006476e7936240ba580ac67d63b1a0bdcb5d6bc931a269b4c 73785b2995ffca4f041904ea04a8374a9c605d9a267d599e70072891e8c68da3
CLIENT_HANDSHAKE_TRAFFIC_SECRET 0eb81b9060d5cbbf5567b6372b3f94bf59b2d4c5f4a64c04180e1e84abf31c14 9cdf7863ad7a78637fb74da6ce673a68635b0aa7a50590fa5b092b4f3edeba16
SERVER_HANDSHAKE_TRAFFIC_SECRET 0eb81b9060d5cbbf5567b6372b3f94bf59b2d4c5f4a64c04180e1e84abf31c14 a0fa3b41f603c849e064b153bdbc7b093f1c439b3daab35c29917923f989c329
CLIENT_TRAFFIC_SECRET_0 0eb81b9060d5cbbf5567b6372b3f94bf59b2d4c5f4a64c04180e1e84abf31c14 f0d4bd76bcfaf8d705dc55583cd09a9790efc42cbfc4ac15bc0fb0f810ceaa9e
SERVER_TRAFFIC_SECRET_0 0eb81b9060d5cbbf5567b6372b3f94bf59b2d4c5f4a64c04180e1e84abf31c14 317be8751de2093649d9da4b27870feef78d1e4091a854093f1919ce093cb71d
EXPORTER_SECRET 0eb81b9060d5cbbf5567b6372b3f94bf59b2d4c5f4a64c04180e1e84abf31c14 e97412242541690e16166bd782159532800881ad805e877535448ae1857442dd
CLIENT_HANDSHAKE_TRAFFIC_SECRET 971733c6092830a26e97a6577d69f41cd73330a0110c3bd0bf5d3254cb720b23 f849990fadf6417f8011f6f843eba28b330ada2dd5acaf7ac5338f96fe4df240
SERVER_HANDSHAKE_TRAFFIC_SECRET 971733c6092830a26e97a6577d69f41cd73330a0110c3bd0bf5d3254cb720b23 07cf729e0602ff0845e5d9667de4cb2d5596ce703501bef0e95b91726a9db15b
CLIENT_TRAFFIC_SECRET_0 971733c6092830a26e97a6577d69f41cd73330a0110c3bd0bf5d3254cb720b23 cd0cf3a8021efcaf705113b5fd4469e354fb3a8743a4190b731336c63036ba41
SERVER_TRAFFIC_SECRET_0 971733c6092830a26e97a6577d69f41cd73330a0110c3bd0bf5d3254cb720b23 9f09fa9e8e2f536968dd7e2c88ef8698a261ae2ebfe9c29c20320bb9633d60af
EXPORTER_SECRET 971733c6092830a26e97a6577d69f41cd73330a0110c3bd0bf5d3254cb720b23 3c411db9297754adb71b66be20fa066b27b85980268b61e096682930bde3eb7c
CLIENT_HANDSHAKE_TRAFFIC_SECRET 2d87d3faf2f9a8551f647aa742f145d15033dee161f12829631f86d6f6bdf6a3 256a7206274fe54f6107cf5aab072012d71a991e4b9d7161ae857c80196bea4f
SERVER_HANDSHAKE_TRAFFIC_SECRET 2d87d3faf2f9a8551f647aa742f145d15033dee161f12829631f86d6f6bdf6a3 3d9d0bff912900c169c0e6187bf8a31391055c18d6e39baa745fcbb9d26ff973
CLIENT_TRAFFIC_SECRET_0 2d87d3faf2f9a8551f647aa742f145d15033dee161f12829631f86d6f6bdf6a3 382d96c5ce788c9b7aa63f42a7e657e260f7222d4b1d01b130a404ab8c9a49b6
SERVER_TRAFFIC_SECRET_0 2d87d3faf2f9a8551f647aa742f145d15033dee161f12829631f86d6f6bdf6a3 c2db2f3ba8c9020ae8abb17d18817114648359e007f526201fc2deefc4d6acee
EXPORTER_SECRET 2d87d3faf2f9a8551f647aa742f145d15033dee161f12829631f86d6f6bdf6a3 bb001e46308c634a28301c36bf20dc04c77c879d38526162f1dd796352475dec
CLIENT_HANDSHAKE_TRAFFIC_SECRET c6f8dea507e0b1e87adc6ad416ecb75d0b1ca651366f02baac69ec2f1d2e1b63 a7fadf3d2303a6d102ffbefe48f1a045518f3cd676829c31114e14e1182a5f79
SERVER_HANDSHAKE_TRAFFIC_SECRET c6f8dea507e0b1e87adc6ad416ecb75d0b1ca651366f02baac69ec2f1d2e1b63 2f30374f80ad65351579d295d7eb1e36d3fc61b447648f2d2b238b5578886220
CLIENT_TRAFFIC_SECRET_0 c6f8dea507e0b1e87adc6ad416ecb75d0b1ca651366f02baac69ec2f1d2e1b63 f53473a726d697ad98d0fac7abdc3a8cc66b7519f5cb68ac19a0e3558d9fe024
SERVER_TRAFFIC_SECRET_0 c6f8dea507e0b1e87adc6ad416ecb75d0b1ca651366f02baac69ec2f1d2e1b63 bfcbf29824c40d47c7d254d8a456fcad5efe96b3466f0af17a76df571a7d6ae4
EXPORTER_SECRET c6f8dea507e0b1e87adc6ad416ecb75d0b1ca651366f02baac69ec2f1d2e1b63 1afe1d851b89f12cba295c26dd966062d54e6c0569e4ec5d16638fe796d09a68
CLIENT_HANDSHAKE_TRAFFIC_SECRET 196d8462fe09a3a9deedd02d1b71ee62fe407011aba1d88c8ba103840f1da5ef 3459fc41fa0fd83696f8ef1fef65bac2662ef142f22116a854274a771d511e83
SERVER_HANDSHAKE_TRAFFIC_SECRET 196d8462fe09a3a9deedd02d1b71ee62fe407011aba1d88c8ba103840f1da5ef 41d137275e0c8ca7b4e3171cb16471abf56e216febd46a58eae37129b718772b
CLIENT_TRAFFIC_SECRET_0 196d8462fe09a3a9deedd02d1b71ee62fe407011aba1d88c8ba103840f1da5ef 27d9ab391c134ca9a8d1862e77a42d08d70e6381650e32ffd15baab8505b1033
SERVER_TRAFFIC_SECRET_0 196d8462fe09a3a9deedd02d1b71ee62fe407011aba1d88c8ba103840f1da5ef 76e7a46ea5443007dec98f1c5368f8cdbdc1718211cc59851370ad3fd27affeb
EXPORTER_SECRET 196d8462fe09a3a9deedd02d1b71ee62fe407011aba1d88c8ba103840f1da5ef bc5fc24e250f97a9c91da6f587a359b4978ef18de210f53ef20152ab6d0967c2
CLIENT_HANDSHAKE_TRAFFIC_SECRET 7bec1b8636bae81b0a572e22ddef842a5572a3c6fed1db6c4d83a73daf119b9c b393c7166171cb26b592b19a289458eba1b27b4a9320bf67c75ec1c25bbe3a36
SERVER_HANDSHAKE_TRAFFIC_SECRET 7bec1b8636bae81b0a572e22ddef842a5572a3c6fed1db6c4d83a73daf119b9c 402c3869516ec4f61e20e6c948536abe3f4cbb5f8714ffc35cb8a45cc8f0f5e6
CLIENT_TRAFFIC_SECRET_0 7bec1b8636bae81b0a572e22ddef842a5572a3c6fed1db6c4d83a73daf119b9c e02ea27cc377c79d6ff2771587c390beb6c27199f592a5408ed31edc2099176c
SERVER_TRAFFIC_SECRET_0 7bec1b8636bae81b0a572e22ddef842a5572a3c6fed1db6c4d83a73daf119b9c dbf263f2347049341022e2793a2fab555df2ed34c86f785642b9994768c60982
EXPORTER_SECRET 7bec1b8636bae81b0a572e22ddef842a5572a3c6fed1db6c4d83a73daf119b9c c09d6d1be543247abca2f73f2a22dc5d314951abd0d58d5f3e13e8c335b5fab9
CLIENT_HANDSHAKE_TRAFFIC_SECRET 1a690d63dccac746ed2c898a2c4c35aafb0bc5d0f8c402adff65c1c41ddc8678 6cc9c49a31bd2c3ed32a9e209a9627ec02d5851da0bbb63954a3b44267dec6bc
SERVER_HANDSHAKE_TRAFFIC_SECRET 1a690d63dccac746ed2c898a2c4c35aafb0bc5d0f8c402adff65c1c41ddc8678 51522b1796f5b00c2fea5b53abcc68719a640553f08b72881cb5b4d4721dcf89
CLIENT_TRAFFIC_SECRET_0 1a690d63dccac746ed2c898a2c4c35aafb0bc5d0f8c402adff65c1c41ddc8678 19bbd20747418b1f447fee19f413e5c340399302fea95b14362d4fdf4828c700
SERVER_TRAFFIC_SECRET_0 1a690d63dccac746ed2c898a2c4c35aafb0bc5d0f8c402adff65c1c41ddc8678 d4e81d7106c752ab74387642ae55d14eebc742ea0c40ac470d4d3448b0970dbc
EXPORTER_SECRET 1a690d63dccac746ed2c898a2c4c35aafb0bc5d0f8c402adff65c1c41ddc8678 35fb9e9e137ce7fe1525395444ac5352fa01bd417f73fca809ac45f144e83570
CLIENT_EARLY_TRAFFIC_SECRET dd75c65ae3ac52f08e938e0d75ec6f6a5c671ba8c7b7cfe8c65b0098b04dab68 1cc753b179fbf21a36803e1efd8ce16288e4fc86499817d846fe5e6e8ef0ef99
CLIENT_HANDSHAKE_TRAFFIC_SECRET dd75c65ae3ac52f08e938e0d75ec6f6a5c671ba8c7b7cfe8c65b0098b04dab68 ff5b622b9b2e01d040b0b5d321073e52838fe602f54d2966120a63f6a6df0c3d
SERVER_HANDSHAKE_TRAFFIC_SECRET dd75c65ae3ac52f08e938e0d75ec6f6a5c671ba8c7b7cfe8c65b0098b04dab68 63fc636dba04472cd514f6043d70bc1ef2cebbff7e520706e1995a86d4ad1e59
CLIENT_TRAFFIC_SECRET_0 dd75c65ae3ac52f08e938e0d75ec6f6a5c671ba8c7b7cfe8c65b0098b04dab68 0cb79df1f8632a111c32e75a11fc8b7a46b2074b5c1c4e7bc93befaf3627e9ff
SERVER_TRAFFIC_SECRET_0 dd75c65ae3ac52f08e938e0d75ec6f6a5c671ba8c7b7cfe8c65b0098b04dab68 b153f6ae91c3b1708e7d0730c59f121622df0bd8251cb7a2ea4b85f3ed56c94a
EXPORTER_SECRET dd75c65ae3ac52f08e938e0d75ec6f6a5c671ba8c7b7cfe8c65b0098b04dab68 60c34098e7e143c31ea54d667aaf376ffa62bd2ca46ecd4c01a5c60326967324
CLIENT_HANDSHAKE_TRAFFIC_SECRET 851d2637c9d083ef99f9141b5b36c76cc608bdc41a58f653314d893ac3ed4244 faa7d5d7e5406c2cb5b26cdf59a022821344be56240a401e4c0bde26f9a2ed78
SERVER_HANDSHAKE_TRAFFIC_SECRET 851d2637c9d083ef99f9141b5b36c76cc608bdc41a58f653314d893ac3ed4244 a4a71a1b7e53167a1a58dda0de992606ccff633212478967c1a8f484e82a1ce9
CLIENT_HANDSHAKE_TRAFFIC_SECRET 6ce0ce8f27bbe93bbb1a3e86573dede6d3d5faea39e51f745cea0e98eb030df7 ee4aed4316c470f363651ebfae82d6b90b19a53a7b257be8e6cef878904d68e6
SERVER_HANDSHAKE_TRAFFIC_SECRET 6ce0ce8f27bbe93bbb1a3e86573dede6d3d5faea39e51f745cea0e98eb030df7 22b5f1313df977d20cac15aacc4c8b725e36d91fda71b5667332bd154d896a50
CLIENT_TRAFFIC_SECRET_0 851d2637c9d083ef99f9141b5b36c76cc608bdc41a58f653314d893ac3ed4244 6903c4c0dad0e8c07b7ff14e3260f8ee9135958b78d65273e24b8317c44a3212
SERVER_TRAFFIC_SECRET_0 851d2637c9d083ef99f9141b5b36c76cc608bdc41a58f653314d893ac3ed4244 0bfc21d9241e05d6a88844f8d5121584498e6046156a9e82e56e29b6835fdd71
EXPORTER_SECRET 851d2637c9d083ef99f9141b5b36c76cc608bdc41a58f653314d893ac3ed4244 8ca3416f53ff20fdd514253d4379cca21b34f45758dab32138783e40f4b0cfd0
CLIENT_TRAFFIC_SECRET_0 6ce0ce8f27bbe93bbb1a3e86573dede6d3d5faea39e51f745cea0e98eb030df7 2c2f95c37f999b82f80da97dcb0a69aedd1f3fc4bffe092413a4932a996b80f3
SERVER_TRAFFIC_SECRET_0 6ce0ce8f27bbe93bbb1a3e86573dede6d3d5faea39e51f745cea0e98eb030df7 2efb0a5e01c033d8c0f239ebe2028f294a90e3f8be2f8f980830df87671fc89c
EXPORTER_SECRET 6ce0ce8f27bbe93bbb1a3e86573dede6d3d5faea39e51f745cea0e98eb030df7 b532c1403ce41fc71e20f01cff503702030148948699f5575c3700ff06613f20
CLIENT_HANDSHAKE_TRAFFIC_SECRET e1b1da32f0f5d0b2a4fc2d4c576c791a4a337e9936853a9691b55401e94e881a f26829fdca0f304ba8db379a10030957b3431c9ec7bc52c6c5df4232b951dcc3
SERVER_HANDSHAKE_TRAFFIC_SECRET e1b1da32f0f5d0b2a4fc2d4c576c791a4a337e9936853a9691b55401e94e881a f7abba5102be5b70bb173d396dc66b748d5c27a3c24ceceeca534fbc9528ce9b
CLIENT_TRAFFIC_SECRET_0 e1b1da32f0f5d0b2a4fc2d4c576c791a4a337e9936853a9691b55401e94e881a bc818019e7b72c49c2e7e19d26031f1fdfdd1f9026a0790a8a89a4c4c85dbd29
SERVER_TRAFFIC_SECRET_0 e1b1da32f0f5d0b2a4fc2d4c576c791a4a337e9936853a9691b55401e94e881a 71158447582220d3a1d5b4b526b883422de5722c12770f1444cfe8163414916a
EXPORTER_SECRET e1b1da32f0f5d0b2a4fc2d4c576c791a4a337e9936853a9691b55401e94e881a 443de8a76424a9b2f817981e238e0175b3723dee5d8c87b4b94ca23618a8783c
CLIENT_HANDSHAKE_TRAFFIC_SECRET b89c818e54dfba2f5becc5557c1189d6e48dfee8f85b5891edd51decf4abd12f 1ab1238fdf01435b6c0ef152dcde2ed90a2490e5153e29333810d4e33e6c98d0
SERVER_HANDSHAKE_TRAFFIC_SECRET b89c818e54dfba2f5becc5557c1189d6e48dfee8f85b5891edd51decf4abd12f 9c4b33be7e1a8b909d983efce64922c2aea8480d07d512bf9b55fd1de7c28870
CLIENT_TRAFFIC_SECRET_0 b89c818e54dfba2f5becc5557c1189d6e48dfee8f85b5891edd51decf4abd12f 6fe4d27cbcf5d8ce3ad8a7e258f3c9e8c7d743d04e6d4451dac58a1dfec60628
SERVER_TRAFFIC_SECRET_0 b89c818e54dfba2f5becc5557c1189d6e48dfee8f85b5891edd51decf4abd12f fbc1aaf25c52ea1d963ea88883964ff802ca587d9ba7a995488d412bad1c53ac
EXPORTER_SECRET b89c818e54dfba2f5becc5557c1189d6e48dfee8f85b5891edd51decf4abd12f 4ed4e38c5f89ba7183bd5b1b8665e9ba64e79fd428506df14400986924d7dfdc
CLIENT_HANDSHAKE_TRAFFIC_SECRET dd1764778d373e774c56c777ac1992863a6f59be19e5106c58908bcbfe48bcd9 9203188ec34e41f3a0454abe24d17c277f9257b470129fa2011b5b03582cb1b5
SERVER_HANDSHAKE_TRAFFIC_SECRET dd1764778d373e774c56c777ac1992863a6f59be19e5106c58908bcbfe48bcd9 13da01ff1278956c55c88f1d91e84de31240cc17f8ff42c3c2f3383bfa709e7d
CLIENT_TRAFFIC_SECRET_0 dd1764778d373e774c56c777ac1992863a6f59be19e5106c58908bcbfe48bcd9 3303b9a9e68c3da7dd6b51d0b98014078443fd5cf05f99e65c57e9891801b864
SERVER_TRAFFIC_SECRET_0 dd1764778d373e774c56c777ac1992863a6f59be19e5106c58908bcbfe48bcd9 9b4a8d5692303261543c678425af3a3d3c4c7ffc94a184dd97974558ec5a20a5
EXPORTER_SECRET dd1764778d373e774c56c777ac1992863a6f59be19e5106c58908bcbfe48bcd9 d3d09aaef4acdbedd93d36b7a4d0d6d02a7e9168155b4586850280a2d37ca3c7
CLIENT_RANDOM 4a83749fae441470d98d71b1ea52548a2e9b8151e04a17b964448a0afb39ec8f ab648f3a8d0e95288482107b907eea81d0934148eed53d507dbd8a906a22a198ba02bb5a534988f4944bc46bf1f7962c
CLIENT_RANDOM 0b57d3921c52ac0a4ac38c8d3a638525b326cfe91e7a273b20570ce14fb97018 0806738864982ff88b3330552a9d52fd0d1ab17d80b407de587014d2258b3409486dbcd01df7082a007855a30de0c4f9
CLIENT_RANDOM 83d73ccb34d4e4fcdf274d3f91fd23d1ad5f589e9a7bcb2454cc420731518bf1 43894d199ada91e10bee231d00263a2e7b28fb48bfa92b2f10354a3bfdaa7bc289a31363995e8ec50bc5ccaa4fee4600
CLIENT_HANDSHAKE_TRAFFIC_SECRET da012375e922c93b6b614d7ef08240a7087c4e871076b551d71053f59f65c5de 2d84d681ce3736613b8ba4e55c53b3fd9a3cc842d986077a6ccd15a7cbc6e56d
SERVER_HANDSHAKE_TRAFFIC_SECRET da012375e922c93b6b614d7ef08240a7087c4e871076b551d71053f59f65c5de d42916269a2af15ac0db2dbcfcc93137da7b225aa33735b657f49a3952196428
CLIENT_TRAFFIC_SECRET_0 da012375e922c93b6b614d7ef08240a7087c4e871076b551d71053f59f65c5de 0df2101c53db3cb7adaa886058a737f66899fb17119a96bf1122a35e737b3639
SERVER_TRAFFIC_SECRET_0 da012375e922c93b6b614d7ef08240a7087c4e871076b551d71053f59f65c5de 394cf1ee9bc10145130e77c028317dd028f2a38bdb56a5e64737da6b2fab3932
EXPORTER_SECRET da012375e922c93b6b614d7ef08240a7087c4e871076b551d71053f59f65c5de a9ede8468ed2b6b0e604cfbc8d065755db1aa936e8b246e85c315471c31e99c4
CLIENT_HANDSHAKE_TRAFFIC_SECRET 43fe47844c9cb0b80292cf4bf75deee3c01efd0414a77aa35d6b8686ef3e1853 ca16ad23bf4526b627ee77f6d947f6344784f0fa8312da84d0373c66e103ac88
SERVER_HANDSHAKE_TRAFFIC_SECRET 43fe47844c9cb0b80292cf4bf75deee3c01efd0414a77aa35d6b8686ef3e1853 a925e0cfffa9fd0471200af45328d566246155f84e0d976c91a9a956b692a01e
CLIENT_TRAFFIC_SECRET_0 43fe47844c9cb0b80292cf4bf75deee3c01efd0414a77aa35d6b8686ef3e1853 fbf87bfc070212fd58816d5762a74c74bffb52d8b59b1bfb4b3d91650931c00c
SERVER_TRAFFIC_SECRET_0 43fe47844c9cb0b80292cf4bf75deee3c01efd0414a77aa35d6b8686ef3e1853 8540c46df8ec11b7b503572ffcb25da77ce709a6685054fb96a252257ca12c7e
EXPORTER_SECRET 43fe47844c9cb0b80292cf4bf75deee3c01efd0414a77aa35d6b8686ef3e1853 6e7e47f9404c2f5f0a5bbfff600a8c506a852f4adfbf85284e52fefae852c593
CLIENT_HANDSHAKE_TRAFFIC_SECRET e1f5433b8fe9d9c112a97d75511db7abbbdd3744a61118b4e8da168ff4b4ddd5 cc470d150ed8f9e01fa35d239a8522da7ec6b4277fe3674607c6fefafbdeabee
SERVER_HANDSHAKE_TRAFFIC_SECRET e1f5433b8fe9d9c112a97d75511db7abbbdd3744a61118b4e8da168ff4b4ddd5 4534cd0758be2f2269e93bcc9f778b243c9950fdc27b40d925ed204491fe965b
CLIENT_TRAFFIC_SECRET_0 e1f5433b8fe9d9c112a97d75511db7abbbdd3744a61118b4e8da168ff4b4ddd5 1d83ce9c1a75d373065bf0f00fae54b3c1c1d330f1e8dd00977b1b7cb8eea547
SERVER_TRAFFIC_SECRET_0 e1f5433b8fe9d9c112a97d75511db7abbbdd3744a61118b4e8da168ff4b4ddd5 152682564dbe1ffab65303910324b934fc637a9b508afcd4ed8f354a8051790d
EXPORTER_SECRET e1f5433b8fe9d9c112a97d75511db7abbbdd3744a61118b4e8da168ff4b4ddd5 006089e6dfed7e2817be31059ca166c9351e320022482c49e6b4c5f82ecf3fbb
CLIENT_HANDSHAKE_TRAFFIC_SECRET 961d1bf5e8c62e77577f6845f542d36359853ac23136ab8b5299893a0ba025a5 66cb4f254ee8f358255c6e2852f9122ee8a3721a562bd8578737dae79078127b
SERVER_HANDSHAKE_TRAFFIC_SECRET 961d1bf5e8c62e77577f6845f542d36359853ac23136ab8b5299893a0ba025a5 cbbd31de787ef812d98316ede71082a734a8f4c6b41241092480fc16b8c4c320
CLIENT_HANDSHAKE_TRAFFIC_SECRET e00287ede7adf206cfbb057ab2850fa7f52048e4ce24c484b813791feed5b92d 13fc8f63c2e1a34d0ece4901af2647b876554a05f69b9cf822ea23ea74d22066
SERVER_HANDSHAKE_TRAFFIC_SECRET e00287ede7adf206cfbb057ab2850fa7f52048e4ce24c484b813791feed5b92d c2754b01e1fe4b8cb06bd2992c009e0b0d4480c1bdb6eac31bb0b68932fb4f52
CLIENT_TRAFFIC_SECRET_0 e00287ede7adf206cfbb057ab2850fa7f52048e4ce24c484b813791feed5b92d 6c351726e9a1d1a6032879c5c4ae8e37b6f74efb40d0a3b73fdc2d960e5b67c2
SERVER_TRAFFIC_SECRET_0 e00287ede7adf206cfbb057ab2850fa7f52048e4ce24c484b813791feed5b92d 4e2aa33983a87e4e53bd674466ab63d080e123dfda0fe61407ecf56383b46f80
EXPORTER_SECRET e00287ede7adf206cfbb057ab2850fa7f52048e4ce24c484b813791feed5b92d 2c5db95e3b1a9448c4cd8abed9c83db4fcfa68b5d82b4eaf5c9467f70abe38d3
CLIENT_TRAFFIC_SECRET_0 961d1bf5e8c62e77577f6845f542d36359853ac23136ab8b5299893a0ba025a5 a43872462bdffb0b0c015213973db0e719fe6abdd8088b9a9d9e98bb09b1f304
SERVER_TRAFFIC_SECRET_0 961d1bf5e8c62e77577f6845f542d36359853ac23136ab8b5299893a0ba025a5 89a8ce4ff99377c1faf341d99fd5c019d06bf9ab8750a2448c4b092970372dc7
EXPORTER_SECRET 961d1bf5e8c62e77577f6845f542d36359853ac23136ab8b5299893a0ba025a5 9bfa1582c463191982d08730eaff25a6a2eb5d48478bed7f7ad85d8a427f77d6
CLIENT_HANDSHAKE_TRAFFIC_SECRET 4bb39af5f4e6321864c7cd19db5810463e9db5db33bf0f2b3a8422eddf0ec137 e098d5fc550b1d0a51cb7a754b9c1c7dd14beb7b90050f3580f5f2783cbc674d
SERVER_HANDSHAKE_TRAFFIC_SECRET 4bb39af5f4e6321864c7cd19db5810463e9db5db33bf0f2b3a8422eddf0ec137 0a22fea184833cd4625347010683d1f1c5718a6c93d71761c057ad1390acc662
CLIENT_TRAFFIC_SECRET_0 4bb39af5f4e6321864c7cd19db5810463e9db5db33bf0f2b3a8422eddf0ec137 445028ba12af88d1b6d317b43f1d08467164a3caca2d266e55433fa6172f21de
SERVER_TRAFFIC_SECRET_0 4bb39af5f4e6321864c7cd19db5810463e9db5db33bf0f2b3a8422eddf0ec137 9cbc6c7ec79e328301fda3013c71714618fa65e8cef158424b1c89081c70f8b3
EXPORTER_SECRET 4bb39af5f4e6321864c7cd19db5810463e9db5db33bf0f2b3a8422eddf0ec137 6ef01b94d274184443a15044f78df114514f95c5c3cb86716aa6333d7dd7a376
CLIENT_EARLY_TRAFFIC_SECRET f2f38ec0274f2a4d7455504294bfabb0d0cef2e354df6195eb9904a0ec1bd2aa 5dce282a685b85a1eefe88970a243cb5b96f1505c3d890a47d8d699ddc6effa1
CLIENT_HANDSHAKE_TRAFFIC_SECRET f2f38ec0274f2a4d7455504294bfabb0d0cef2e354df6195eb9904a0ec1bd2aa 03132ad31af6b034eec720760ead5d6f0ab90c5467fc96918cfe065c69d9604c
SERVER_HANDSHAKE_TRAFFIC_SECRET f2f38ec0274f2a4d7455504294bfabb0d0cef2e354df6195eb9904a0ec1bd2aa 1d2856ff7bc77335c51cefbc0c742c5d662a68f0dc7e5aa2a888a7ba876248ae
CLIENT_TRAFFIC_SECRET_0 f2f38ec0274f2a4d7455504294bfabb0d0cef2e354df6195eb9904a0ec1bd2aa 83fb9314c474e13cd4c46d547f34f10e605a80126e212a3d8a7ed41b51091bdd
SERVER_TRAFFIC_SECRET_0 f2f38ec0274f2a4d7455504294bfabb0d0cef2e354df6195eb9904a0ec1bd2aa bcb9015cc2d83913683de6cbba1526f7b6bc18f463fd9464831889bbf4f99bfe
EXPORTER_SECRET f2f38ec0274f2a4d7455504294bfabb0d0cef2e354df6195eb9904a0ec1bd2aa 3f38887fa689fd5da213caa596f0d02ee2f9c7416d0e41c6982185ca20c1d9c4
CLIENT_EARLY_TRAFFIC_SECRET cf5040719ac85a722bafb39f283f8f962d233234d1b5429b7d2e9f500701dc34 ee7333a96ea89632c8b46f1d3c0717759fd5300175c78548b4770dcbbd28a87f
CLIENT_HANDSHAKE_TRAFFIC_SECRET cf5040719ac85a722bafb39f283f8f962d233234d1b5429b7d2e9f500701dc34 d0bdcb084d38605355085205ef097645c1637785528826afd6f5471907f1ece9
SERVER_HANDSHAKE_TRAFFIC_SECRET cf5040719ac85a722bafb39f283f8f962d233234d1b5429b7d2e9f500701dc34 a7b50f0a0482f844d00d5721482b308920ccb564fc829f5b8be317d6b7d65871
CLIENT_TRAFFIC_SECRET_0 cf5040719ac85a722bafb39f283f8f962d233234d1b5429b7d2e9f500701dc34 f3dd8785f50b46622d613313eaf8f09e599b0c4b5863566604e4eb3fdf178d7a
SERVER_TRAFFIC_SECRET_0 cf5040719ac85a722bafb39f283f8f962d233234d1b5429b7d2e9f500701dc34 38e907d303e3d4c87e2950cb5fe6ff06396963511ea43b61aa08d6ca0ab7f235
EXPORTER_SECRET cf5040719ac85a722bafb39f283f8f962d233234d1b5429b7d2e9f500701dc34 36c057dd558df7bb0ea035e7ceae5d13b981d69d3b9d3eb962ba86bd95857341
